Log file open, 01/26/20 14:40:05
LogWindows: Failed to load 'aqProf.dll' (GetLastError=126)
LogWindows: File 'aqProf.dll' does not exist
LogWindows: Failed to load 'VtuneApi.dll' (GetLastError=126)
LogWindows: File 'VtuneApi.dll' does not exist
LogWindows: Failed to load 'VtuneApi32e.dll' (GetLastError=126)
LogWindows: File 'VtuneApi32e.dll' does not exist
LogConsoleResponse: Display: Failed to find resolution value strings in scalability ini. Falling back to default.
LogInit: Display: Running engine for game: Practica1_Dani_Marti
LogPlatformFile: Not using cached read wrapper
LogTaskGraph: Started task graph with 5 named threads and 23 total threads with 3 sets of task threads.
LogStats: Stats thread started at 0.113261
LogD3D11RHI: Loaded GFSDK_Aftermath_Lib.x64.dll
LogICUInternationalization: ICU TimeZone Detection - Raw Offset: +1:00, Platform Override: ''
LogPluginManager: Mounting plugin Paper2D
LogPluginManager: Mounting plugin AISupport
LogPluginManager: Mounting plugin LightPropagationVolume
LogPluginManager: Mounting plugin ActorLayerUtilities
LogPluginManager: Mounting plugin AnimationSharing
LogPluginManager: Mounting plugin CLionSourceCodeAccess
LogPluginManager: Mounting plugin CodeLiteSourceCodeAccess
LogPluginManager: Mounting plugin GitSourceControl
LogPluginManager: Mounting plugin KDevelopSourceCodeAccess
LogPluginManager: Mounting plugin NullSourceCodeAccess
LogPluginManager: Mounting plugin PerforceSourceControl
LogPluginManager: Mounting plugin PlasticSourceControl
LogPluginManager: Mounting plugin SubversionSourceControl
LogPluginManager: Mounting plugin UObjectPlugin
LogPluginManager: Mounting plugin VisualStudioCodeSourceCodeAccess
LogPluginManager: Mounting plugin VisualStudioSourceCodeAccess
LogPluginManager: Mounting plugin XCodeSourceCodeAccess
LogPluginManager: Mounting plugin AssetManagerEditor
LogPluginManager: Mounting plugin CryptoKeys
LogPluginManager: Mounting plugin CurveEditorTools
LogPluginManager: Mounting plugin DataValidation
LogPluginManager: Mounting plugin FacialAnimation
LogPluginManager: Mounting plugin GameplayTagsEditor
LogPluginManager: Mounting plugin MacGraphicsSwitching
LogPluginManager: Mounting plugin MaterialAnalyzer
LogPluginManager: Mounting plugin MobileLauncherProfileWizard
LogPluginManager: Mounting plugin PluginBrowser
LogPluginManager: Mounting plugin SpeedTreeImporter
LogPluginManager: Mounting plugin DatasmithContent
LogPluginManager: Mounting plugin VariantManagerContent
LogPluginManager: Mounting plugin AlembicImporter
LogPluginManager: Mounting plugin AutomationUtils
LogPluginManager: Mounting plugin BackChannel
LogPluginManager: Mounting plugin CharacterAI
LogPluginManager: Mounting plugin GeometryCache
LogPluginManager: Mounting plugin PlatformCrypto
LogPluginManager: Mounting plugin ProxyLODPlugin
LogPluginManager: Mounting plugin SkeletalReduction
LogPluginManager: Mounting plugin MagicLeap
LogPluginManager: Mounting plugin MagicLeapMedia
LogPluginManager: Mounting plugin MLSDK
LogPluginManager: Mounting plugin AndroidMedia
LogPluginManager: Mounting plugin AvfMedia
LogPluginManager: Mounting plugin ImgMedia
LogPluginManager: Mounting plugin MediaCompositing
LogPluginManager: Mounting plugin MediaPlayerEditor
LogPluginManager: Mounting plugin WebMMedia
LogPluginManager: Mounting plugin WmfMedia
LogPluginManager: Mounting plugin TcpMessaging
LogPluginManager: Mounting plugin UdpMessaging
LogPluginManager: Mounting plugin ActorSequence
LogPluginManager: Mounting plugin LevelSequenceEditor
LogPluginManager: Mounting plugin MatineeToLevelSequence
LogPluginManager: Mounting plugin NetcodeUnitTest
LogPluginManager: Mounting plugin NUTUnrealEngine4
LogPluginManager: Mounting plugin OnlineSubsystemGooglePlay
LogPluginManager: Mounting plugin OnlineSubsystemIOS
LogPluginManager: Mounting plugin OnlineSubsystem
LogPluginManager: Mounting plugin OnlineSubsystemNull
LogPluginManager: Mounting plugin OnlineSubsystemUtils
LogPluginManager: Mounting plugin LauncherChunkInstaller
LogPluginManager: Mounting plugin AndroidDeviceProfileSelector
LogPluginManager: Mounting plugin AndroidMoviePlayer
LogPluginManager: Mounting plugin AndroidPermission
LogPluginManager: Mounting plugin AppleImageUtils
LogPluginManager: Mounting plugin AppleMoviePlayer
LogPluginManager: Mounting plugin ArchVisCharacter
LogPluginManager: Mounting plugin AssetTags
LogPluginManager: Mounting plugin AudioCapture
LogPluginManager: Mounting plugin CableComponent
LogPluginManager: Mounting plugin CustomMeshComponent
LogPluginManager: Mounting plugin EditableMesh
LogPluginManager: Mounting plugin ExampleDeviceProfileSelector
LogPluginManager: Mounting plugin GoogleCloudMessaging
LogPluginManager: Mounting plugin IOSDeviceProfileSelector
LogPluginManager: Mounting plugin LinuxDeviceProfileSelector
LogPluginManager: Mounting plugin LocationServicesBPLibrary
LogPluginManager: Mounting plugin MobilePatchingUtils
LogPluginManager: Mounting plugin OculusVR
LogPluginManager: Mounting plugin PhysXVehicles
LogPluginManager: Mounting plugin PostSplashScreen
LogPluginManager: Mounting plugin ProceduralMeshComponent
LogPluginManager: Mounting plugin RuntimePhysXCooking
LogPluginManager: Mounting plugin SignificanceManager
LogPluginManager: Mounting plugin SteamVR
LogPluginManager: Mounting plugin WebMMoviePlayer
LogPluginManager: Mounting plugin WindowsMoviePlayer
LogPluginManager: Mounting plugin ScreenshotTools
LogInit: Using libcurl 7.55.1-DEV
LogInit:  - built for x86_64-pc-win32
LogInit:  - supports SSL with OpenSSL/1.1.1
LogInit:  - supports HTTP deflate (compression) using libz 1.2.8
LogInit:  - other features:
LogInit:      CURL_VERSION_SSL
LogInit:      CURL_VERSION_LIBZ
LogInit:      CURL_VERSION_IPV6
LogInit:      CURL_VERSION_ASYNCHDNS
LogInit:      CURL_VERSION_LARGEFILE
LogInit:      CURL_VERSION_IDN
LogInit:  CurlRequestOptions (configurable via config and command line):
LogInit:  - bVerifyPeer = true  - Libcurl will verify peer certificate
LogInit:  - bUseHttpProxy = false  - Libcurl will NOT use HTTP proxy
LogInit:  - bDontReuseConnections = false  - Libcurl will reuse connections
LogInit:  - MaxHostConnections = 16  - Libcurl will limit the number of connections to a host
LogInit:  - LocalHostAddr = Default
LogInit:  - BufferSize = 65536
LogOnline: OSS: Creating online subsystem instance for: NULL
LogInit: WinSock: version 1.1 (2.2), MaxSocks=32767, MaxUdp=65467
LogOnline: OSS: TryLoadSubsystemAndSetDefault: Loaded subsystem for module [NULL]
LogInit: Build: ++UE4+Release-4.24-CL-10757647
LogInit: Engine Version: 4.24.1-10757647+++UE4+Release-4.24
LogInit: Compatible Engine Version: 4.24.0-10570792+++UE4+Release-4.24
LogInit: Net CL: 10570792
LogInit: OS: Windows 10 (Release 1903) (), CPU: Intel(R) Core(TM) i7-7700HQ CPU @ 2.80GHz, GPU: Intel(R) HD Graphics 630
LogInit: Compiled (64-bit): Dec 17 2019 02:08:03
LogInit: Compiled with Visual C++: 19.16.27032.01
LogInit: Build Configuration: Development
LogInit: Branch Name: ++UE4+Release-4.24
LogInit: Command Line: 
LogInit: Base Directory: D:/Program Files/UE_4.24/Engine/Binaries/Win64/
LogInit: Installed Engine Build: 1
LogDevObjectVersion: Number of dev versions registered: 25
LogDevObjectVersion:   Dev-Blueprints (B0D832E4-1F89-4F0D-ACCF-7EB736FD4AA2): 10
LogDevObjectVersion:   Dev-Build (E1C64328-A22C-4D53-A36C-8E866417BD8C): 0
LogDevObjectVersion:   Dev-Core (375EC13C-06E4-48FB-B500-84F0262A717E): 3
LogDevObjectVersion:   Dev-Editor (E4B068ED-F494-42E9-A231-DA0B2E46BB41): 37
LogDevObjectVersion:   Dev-Framework (CFFC743F-43B0-4480-9391-14DF171D2073): 36
LogDevObjectVersion:   Dev-Mobile (B02B49B5-BB20-44E9-A304-32B752E40360): 2
LogDevObjectVersion:   Dev-Networking (A4E4105C-59A1-49B5-A7C5-40C4547EDFEE): 0
LogDevObjectVersion:   Dev-Online (39C831C9-5AE6-47DC-9A44-9C173E1C8E7C): 0
LogDevObjectVersion:   Dev-Physics (78F01B33-EBEA-4F98-B9B4-84EACCB95AA2): 2
LogDevObjectVersion:   Dev-Platform (6631380F-2D4D-43E0-8009-CF276956A95A): 0
LogDevObjectVersion:   Dev-Rendering (12F88B9F-8875-4AFC-A67C-D90C383ABD29): 36
LogDevObjectVersion:   Dev-Sequencer (7B5AE74C-D270-4C10-A958-57980B212A5A): 11
LogDevObjectVersion:   Dev-VR (D7296918-1DD6-4BDD-9DE2-64A83CC13884): 2
LogDevObjectVersion:   Dev-LoadTimes (C2A15278-BFE7-4AFE-6C17-90FF531DF755): 1
LogDevObjectVersion:   Private-Geometry (6EACA3D4-40EC-4CC1-B786-8BED09428FC5): 3
LogDevObjectVersion:   Dev-AnimPhys (29E575DD-E0A3-4627-9D10-D276232CDCEA): 17
LogDevObjectVersion:   Dev-Anim (AF43A65D-7FD3-4947-9873-3E8ED9C1BB05): 2
LogDevObjectVersion:   Dev-ReflectionCapture (6B266CEC-1EC7-4B8F-A30B-E4D90942FC07): 1
LogDevObjectVersion:   Dev-Automation (0DF73D61-A23F-47EA-B727-89E90C41499A): 1
LogDevObjectVersion:   FortniteMain (601D1886-AC64-4F84-AA16-D3DE0DEAC7D6): 31
LogDevObjectVersion:   Dev-Enterprise (9DFFBCD6-494F-0158-E221-12823C92A888): 8
LogDevObjectVersion:   Dev-Niagara (F2AED0AC-9AFE-416F-8664-AA7FFA26D6FC): 1
LogDevObjectVersion:   Dev-Destruction (174F1F0B-B4C6-45A5-B13F-2EE8D0FB917D): 9
LogDevObjectVersion:   Dev-Physics-Ext (35F94A83-E258-406C-A318-09F59610247C): 8
LogDevObjectVersion:   Dev-CineCamera (B2E18506-4273-CFC2-A54E-F4BB758BBA07): 1
LogInit: Presizing for max 25165824 objects, including 0 objects not considered by GC, pre-allocating 0 bytes for permanent pool.
LogInit: Object subsystem initialized
LogConfig: Setting CVar [[con.DebugEarlyDefault:1]]
LogConfig: Setting CVar [[r.setres:1280x720]]
[2020.01.26-13.40.06:178][  0]LogConfig: Setting CVar [[r.VSync:0]]
[2020.01.26-13.40.06:178][  0]LogConfig: Setting CVar [[r.RHICmdBypass:0]]
[2020.01.26-13.40.06:178][  0]LogConfig: Applying CVar settings from Section [/Script/Engine.RendererSettings] File [D:/D.Escritorio/Github/Practica1_Motors/Practica1_Dani_Marti/Saved/Config/Windows/Engine.ini]
[2020.01.26-13.40.06:178][  0]LogConfig: Setting CVar [[r.GPUCrashDebugging:0]]
[2020.01.26-13.40.06:178][  0]LogConfig: Applying CVar settings from Section [/Script/Engine.RendererOverrideSettings] File [D:/D.Escritorio/Github/Practica1_Motors/Practica1_Dani_Marti/Saved/Config/Windows/Engine.ini]
[2020.01.26-13.40.06:178][  0]LogConfig: Applying CVar settings from Section [/Script/Engine.StreamingSettings] File [D:/D.Escritorio/Github/Practica1_Motors/Practica1_Dani_Marti/Saved/Config/Windows/Engine.ini]
[2020.01.26-13.40.06:178][  0]LogConfig: Setting CVar [[s.MinBulkDataSizeForAsyncLoading:131072]]
[2020.01.26-13.40.06:178][  0]LogConfig: Setting CVar [[s.AsyncLoadingThreadEnabled:0]]
[2020.01.26-13.40.06:178][  0]LogConfig: Setting CVar [[s.EventDrivenLoaderEnabled:1]]
[2020.01.26-13.40.06:178][  0]LogConfig: Setting CVar [[s.WarnIfTimeLimitExceeded:0]]
[2020.01.26-13.40.06:178][  0]LogConfig: Setting CVar [[s.TimeLimitExceededMultiplier:1.5]]
[2020.01.26-13.40.06:178][  0]LogConfig: Setting CVar [[s.TimeLimitExceededMinTime:0.005]]
[2020.01.26-13.40.06:178][  0]LogConfig: Setting CVar [[s.UseBackgroundLevelStreaming:1]]
[2020.01.26-13.40.06:178][  0]LogConfig: Setting CVar [[s.PriorityAsyncLoadingExtraTime:15.0]]
[2020.01.26-13.40.06:178][  0]LogConfig: Setting CVar [[s.LevelStreamingActorsUpdateTimeLimit:5.0]]
[2020.01.26-13.40.06:178][  0]LogConfig: Setting CVar [[s.PriorityLevelStreamingActorsUpdateExtraTime:5.0]]
[2020.01.26-13.40.06:178][  0]LogConfig: Setting CVar [[s.LevelStreamingComponentsRegistrationGranularity:10]]
[2020.01.26-13.40.06:178][  0]LogConfig: Setting CVar [[s.UnregisterComponentsTimeLimit:1.0]]
[2020.01.26-13.40.06:178][  0]LogConfig: Setting CVar [[s.LevelStreamingComponentsUnregistrationGranularity:5]]
[2020.01.26-13.40.06:178][  0]LogConfig: Setting CVar [[s.FlushStreamingOnExit:1]]
[2020.01.26-13.40.06:178][  0]LogConfig: Applying CVar settings from Section [/Script/Engine.GarbageCollectionSettings] File [D:/D.Escritorio/Github/Practica1_Motors/Practica1_Dani_Marti/Saved/Config/Windows/Engine.ini]
[2020.01.26-13.40.06:178][  0]LogConfig: Setting CVar [[gc.MaxObjectsNotConsideredByGC:1]]
[2020.01.26-13.40.06:178][  0]LogConfig: Setting CVar [[gc.SizeOfPermanentObjectPool:0]]
[2020.01.26-13.40.06:178][  0]LogConfig: Setting CVar [[gc.FlushStreamingOnGC:0]]
[2020.01.26-13.40.06:179][  0]LogConfig: Setting CVar [[gc.NumRetriesBeforeForcingGC:10]]
[2020.01.26-13.40.06:179][  0]LogConfig: Setting CVar [[gc.AllowParallelGC:1]]
[2020.01.26-13.40.06:179][  0]LogConfig: Setting CVar [[gc.TimeBetweenPurgingPendingKillObjects:61.1]]
[2020.01.26-13.40.06:179][  0]LogConfig: Setting CVar [[gc.MaxObjectsInEditor:25165824]]
[2020.01.26-13.40.06:179][  0]LogConfig: Setting CVar [[gc.IncrementalBeginDestroyEnabled:1]]
[2020.01.26-13.40.06:179][  0]LogConfig: Setting CVar [[gc.CreateGCClusters:1]]
[2020.01.26-13.40.06:179][  0]LogConfig: Setting CVar [[gc.MinGCClusterSize:5]]
[2020.01.26-13.40.06:179][  0]LogConfig: Setting CVar [[gc.ActorClusteringEnabled:0]]
[2020.01.26-13.40.06:179][  0]LogConfig: Setting CVar [[gc.BlueprintClusteringEnabled:0]]
[2020.01.26-13.40.06:179][  0]LogConfig: Setting CVar [[gc.UseDisregardForGCOnDedicatedServers:0]]
[2020.01.26-13.40.06:179][  0]LogConfig: Applying CVar settings from Section [/Script/Engine.NetworkSettings] File [D:/D.Escritorio/Github/Practica1_Motors/Practica1_Dani_Marti/Saved/Config/Windows/Engine.ini]
[2020.01.26-13.40.06:179][  0]LogConfig: Applying CVar settings from Section [/Script/UnrealEd.CookerSettings] File [D:/D.Escritorio/Github/Practica1_Motors/Practica1_Dani_Marti/Saved/Config/Windows/Engine.ini]
[2020.01.26-13.40.06:182][  0]LogConfig: Applying CVar settings from Section [ViewDistanceQuality@3] File [D:/D.Escritorio/Github/Practica1_Motors/Practica1_Dani_Marti/Saved/Config/Windows/Scalability.ini]
[2020.01.26-13.40.06:182][  0]LogConfig: Setting CVar [[r.SkeletalMeshLODBias:0]]
[2020.01.26-13.40.06:182][  0]LogConfig: Setting CVar [[r.ViewDistanceScale:1.0]]
[2020.01.26-13.40.06:182][  0]LogConfig: Applying CVar settings from Section [AntiAliasingQuality@3] File [D:/D.Escritorio/Github/Practica1_Motors/Practica1_Dani_Marti/Saved/Config/Windows/Scalability.ini]
[2020.01.26-13.40.06:182][  0]LogConfig: Setting CVar [[r.PostProcessAAQuality:4]]
[2020.01.26-13.40.06:182][  0]LogConfig: Applying CVar settings from Section [ShadowQuality@3] File [D:/D.Escritorio/Github/Practica1_Motors/Practica1_Dani_Marti/Saved/Config/Windows/Scalability.ini]
[2020.01.26-13.40.06:182][  0]LogConfig: Setting CVar [[r.LightFunctionQuality:1]]
[2020.01.26-13.40.06:182][  0]LogConfig: Setting CVar [[r.ShadowQuality:5]]
[2020.01.26-13.40.06:182][  0]LogConfig: Setting CVar [[r.Shadow.CSM.MaxCascades:10]]
[2020.01.26-13.40.06:182][  0]LogConfig: Setting CVar [[r.Shadow.MaxResolution:2048]]
[2020.01.26-13.40.06:182][  0]LogConfig: Setting CVar [[r.Shadow.MaxCSMResolution:2048]]
[2020.01.26-13.40.06:182][  0]LogConfig: Setting CVar [[r.Shadow.RadiusThreshold:0.01]]
[2020.01.26-13.40.06:182][  0]LogConfig: Setting CVar [[r.Shadow.DistanceScale:1.0]]
[2020.01.26-13.40.06:182][  0]LogConfig: Setting CVar [[r.Shadow.CSM.TransitionScale:1.0]]
[2020.01.26-13.40.06:182][  0]LogConfig: Setting CVar [[r.Shadow.PreShadowResolutionFactor:1.0]]
[2020.01.26-13.40.06:182][  0]LogConfig: Setting CVar [[r.DistanceFieldShadowing:1]]
[2020.01.26-13.40.06:182][  0]LogConfig: Setting CVar [[r.DistanceFieldAO:1]]
[2020.01.26-13.40.06:182][  0]LogConfig: Setting CVar [[r.AOQuality:2]]
[2020.01.26-13.40.06:182][  0]LogConfig: Setting CVar [[r.VolumetricFog:1]]
[2020.01.26-13.40.06:182][  0]LogConfig: Setting CVar [[r.VolumetricFog.GridPixelSize:8]]
[2020.01.26-13.40.06:182][  0]LogConfig: Setting CVar [[r.VolumetricFog.GridSizeZ:128]]
[2020.01.26-13.40.06:182][  0]LogConfig: Setting CVar [[r.VolumetricFog.HistoryMissSupersampleCount:4]]
[2020.01.26-13.40.06:183][  0]LogConfig: Setting CVar [[r.LightMaxDrawDistanceScale:1]]
[2020.01.26-13.40.06:183][  0]LogConfig: Setting CVar [[r.CapsuleShadows:1]]
[2020.01.26-13.40.06:183][  0]LogConfig: Applying CVar settings from Section [PostProcessQuality@3] File [D:/D.Escritorio/Github/Practica1_Motors/Practica1_Dani_Marti/Saved/Config/Windows/Scalability.ini]
[2020.01.26-13.40.06:183][  0]LogConfig: Setting CVar [[r.MotionBlurQuality:4]]
[2020.01.26-13.40.06:183][  0]LogConfig: Setting CVar [[r.AmbientOcclusionMipLevelFactor:0.4]]
[2020.01.26-13.40.06:183][  0]LogConfig: Setting CVar [[r.AmbientOcclusionMaxQuality:100]]
[2020.01.26-13.40.06:183][  0]LogConfig: Setting CVar [[r.AmbientOcclusionLevels:-1]]
[2020.01.26-13.40.06:183][  0]LogConfig: Setting CVar [[r.AmbientOcclusionRadiusScale:1.0]]
[2020.01.26-13.40.06:183][  0]LogConfig: Setting CVar [[r.DepthOfFieldQuality:2]]
[2020.01.26-13.40.06:183][  0]LogConfig: Setting CVar [[r.RenderTargetPoolMin:400]]
[2020.01.26-13.40.06:183][  0]LogConfig: Setting CVar [[r.LensFlareQuality:2]]
[2020.01.26-13.40.06:183][  0]LogConfig: Setting CVar [[r.SceneColorFringeQuality:1]]
[2020.01.26-13.40.06:183][  0]LogConfig: Setting CVar [[r.EyeAdaptationQuality:2]]
[2020.01.26-13.40.06:183][  0]LogConfig: Setting CVar [[r.BloomQuality:5]]
[2020.01.26-13.40.06:183][  0]LogConfig: Setting CVar [[r.FastBlurThreshold:100]]
[2020.01.26-13.40.06:183][  0]LogConfig: Setting CVar [[r.Upscale.Quality:3]]
[2020.01.26-13.40.06:183][  0]LogConfig: Setting CVar [[r.Tonemapper.GrainQuantization:1]]
[2020.01.26-13.40.06:183][  0]LogConfig: Setting CVar [[r.LightShaftQuality:1]]
[2020.01.26-13.40.06:183][  0]LogConfig: Setting CVar [[r.Filter.SizeScale:1]]
[2020.01.26-13.40.06:183][  0]LogConfig: Setting CVar [[r.Tonemapper.Quality:5]]
[2020.01.26-13.40.06:183][  0]LogConfig: Setting CVar [[r.DOF.Gather.AccumulatorQuality:1        ; higher gathering accumulator quality]]
[2020.01.26-13.40.06:183][  0]LogConfig: Setting CVar [[r.DOF.Gather.PostfilterMethod:1          ; Median3x3 postfilering method]]
[2020.01.26-13.40.06:183][  0]LogConfig: Setting CVar [[r.DOF.Gather.EnableBokehSettings:0       ; no bokeh simulation when gathering]]
[2020.01.26-13.40.06:183][  0]LogConfig: Setting CVar [[r.DOF.Gather.RingCount:4                 ; medium number of samples when gathering]]
[2020.01.26-13.40.06:183][  0]LogConfig: Setting CVar [[r.DOF.Scatter.ForegroundCompositing:1    ; additive foreground scattering]]
[2020.01.26-13.40.06:183][  0]LogConfig: Setting CVar [[r.DOF.Scatter.BackgroundCompositing:2    ; additive background scattering]]
[2020.01.26-13.40.06:183][  0]LogConfig: Setting CVar [[r.DOF.Scatter.EnableBokehSettings:1      ; bokeh simulation when scattering]]
[2020.01.26-13.40.06:183][  0]LogConfig: Setting CVar [[r.DOF.Scatter.MaxSpriteRatio:0.1         ; only a maximum of 10% of scattered bokeh]]
[2020.01.26-13.40.06:183][  0]LogConfig: Setting CVar [[r.DOF.Recombine.Quality:1                ; cheap slight out of focus]]
[2020.01.26-13.40.06:183][  0]LogConfig: Setting CVar [[r.DOF.Recombine.EnableBokehSettings:0    ; no bokeh simulation on slight out of focus]]
[2020.01.26-13.40.06:183][  0]LogConfig: Setting CVar [[r.DOF.TemporalAAQuality:1                ; more stable temporal accumulation]]
[2020.01.26-13.40.06:183][  0]LogConfig: Setting CVar [[r.DOF.Kernel.MaxForegroundRadius:0.025]]
[2020.01.26-13.40.06:183][  0]LogConfig: Setting CVar [[r.DOF.Kernel.MaxBackgroundRadius:0.025]]
[2020.01.26-13.40.06:183][  0]LogConfig: Applying CVar settings from Section [TextureQuality@3] File [D:/D.Escritorio/Github/Practica1_Motors/Practica1_Dani_Marti/Saved/Config/Windows/Scalability.ini]
[2020.01.26-13.40.06:183][  0]LogConfig: Setting CVar [[r.Streaming.MipBias:0]]
[2020.01.26-13.40.06:183][  0]LogConfig: Setting CVar [[r.Streaming.AmortizeCPUToGPUCopy:0]]
[2020.01.26-13.40.06:183][  0]LogConfig: Setting CVar [[r.Streaming.MaxNumTexturesToStreamPerFrame:0]]
[2020.01.26-13.40.06:183][  0]LogConfig: Setting CVar [[r.Streaming.Boost:1]]
[2020.01.26-13.40.06:183][  0]LogConfig: Setting CVar [[r.MaxAnisotropy:8]]
[2020.01.26-13.40.06:183][  0]LogConfig: Setting CVar [[r.VT.MaxAnisotropy:8]]
[2020.01.26-13.40.06:183][  0]LogConfig: Setting CVar [[r.Streaming.LimitPoolSizeToVRAM:0]]
[2020.01.26-13.40.06:183][  0]LogConfig: Setting CVar [[r.Streaming.PoolSize:1000]]
[2020.01.26-13.40.06:183][  0]LogConfig: Setting CVar [[r.Streaming.MaxEffectiveScreenSize:0]]
[2020.01.26-13.40.06:183][  0]LogConfig: Applying CVar settings from Section [EffectsQuality@3] File [D:/D.Escritorio/Github/Practica1_Motors/Practica1_Dani_Marti/Saved/Config/Windows/Scalability.ini]
[2020.01.26-13.40.06:183][  0]LogConfig: Setting CVar [[r.TranslucencyLightingVolumeDim:64]]
[2020.01.26-13.40.06:183][  0]LogConfig: Setting CVar [[r.RefractionQuality:2]]
[2020.01.26-13.40.06:183][  0]LogConfig: Setting CVar [[r.SSR.Quality:3]]
[2020.01.26-13.40.06:183][  0]LogConfig: Setting CVar [[r.SSR.HalfResSceneColor:0]]
[2020.01.26-13.40.06:183][  0]LogConfig: Setting CVar [[r.SceneColorFormat:4]]
[2020.01.26-13.40.06:183][  0]LogConfig: Setting CVar [[r.DetailMode:2]]
[2020.01.26-13.40.06:183][  0]LogConfig: Setting CVar [[r.TranslucencyVolumeBlur:1]]
[2020.01.26-13.40.06:183][  0]LogConfig: Setting CVar [[r.MaterialQualityLevel:1 ; High quality]]
[2020.01.26-13.40.06:183][  0]LogConfig: Setting CVar [[r.SSS.Scale:1]]
[2020.01.26-13.40.06:183][  0]LogConfig: Setting CVar [[r.SSS.SampleSet:2]]
[2020.01.26-13.40.06:183][  0]LogConfig: Setting CVar [[r.SSS.Quality:1]]
[2020.01.26-13.40.06:183][  0]LogConfig: Setting CVar [[r.SSS.HalfRes:1]]
[2020.01.26-13.40.06:183][  0]LogConfig: Setting CVar [[r.SSGI.Quality:3]]
[2020.01.26-13.40.06:183][  0]LogConfig: Setting CVar [[r.EmitterSpawnRateScale:1.0]]
[2020.01.26-13.40.06:183][  0]LogConfig: Setting CVar [[r.ParticleLightQuality:2]]
[2020.01.26-13.40.06:183][  0]LogConfig: Setting CVar [[r.SkyAtmosphere.AerialPerspectiveLUT.FastApplyOnOpaque:1 ; Always have FastSkyLUT 1 in this case to avoid wrong sky]]
[2020.01.26-13.40.06:183][  0]LogConfig: Setting CVar [[r.SkyAtmosphere.AerialPerspectiveLUT.SampleCountPerSlice:1]]
[2020.01.26-13.40.06:183][  0]LogConfig: Setting CVar [[r.SkyAtmosphere.AerialPerspectiveLUT.DepthResolution:16.0]]
[2020.01.26-13.40.06:183][  0]LogConfig: Setting CVar [[r.SkyAtmosphere.FastSkyLUT:1]]
[2020.01.26-13.40.06:183][  0]LogConfig: Setting CVar [[r.SkyAtmosphere.FastSkyLUT.SampleCountMin:4.0]]
[2020.01.26-13.40.06:183][  0]LogConfig: Setting CVar [[r.SkyAtmosphere.FastSkyLUT.SampleCountMax:32.0]]
[2020.01.26-13.40.06:183][  0]LogConfig: Setting CVar [[r.SkyAtmosphere.SampleCountMin:4.0]]
[2020.01.26-13.40.06:183][  0]LogConfig: Setting CVar [[r.SkyAtmosphere.SampleCountMax:32.0]]
[2020.01.26-13.40.06:183][  0]LogConfig: Setting CVar [[r.SkyAtmosphere.TransmittanceLUT.UseSmallFormat:0]]
[2020.01.26-13.40.06:183][  0]LogConfig: Setting CVar [[r.SkyAtmosphere.TransmittanceLUT.SampleCount:10.0]]
[2020.01.26-13.40.06:183][  0]LogConfig: Setting CVar [[r.SkyAtmosphere.MultiScatteringLUT.SampleCount:15.0]]
[2020.01.26-13.40.06:184][  0]LogConfig: Applying CVar settings from Section [FoliageQuality@3] File [D:/D.Escritorio/Github/Practica1_Motors/Practica1_Dani_Marti/Saved/Config/Windows/Scalability.ini]
[2020.01.26-13.40.06:184][  0]LogConfig: Setting CVar [[foliage.DensityScale:1.0]]
[2020.01.26-13.40.06:184][  0]LogConfig: Setting CVar [[grass.DensityScale:1.0]]
[2020.01.26-13.40.06:184][  0]LogConfig: Applying CVar settings from Section [ShadingQuality@3] File [D:/D.Escritorio/Github/Practica1_Motors/Practica1_Dani_Marti/Saved/Config/Windows/Scalability.ini]
[2020.01.26-13.40.06:184][  0]LogConfig: Setting CVar [[r.HairStrands.SkyLighting.SampleCount:16]]
[2020.01.26-13.40.06:184][  0]LogConfig: Setting CVar [[r.HairStrands.SkyLighting.JitterIntegration:0]]
[2020.01.26-13.40.06:184][  0]LogConfig: Setting CVar [[r.HairStrands.SkyAO.SampleCount:16]]
[2020.01.26-13.40.06:184][  0]LogInit: Selected Device Profile: [Windows]
[2020.01.26-13.40.06:184][  0]LogInit: Applying CVar settings loaded from the selected device profile: [Windows]
[2020.01.26-13.40.06:187][  0]LogHAL: Display: Platform has ~ 16 GB [17039638528 / 17179869184 / 16], which maps to Larger [LargestMinGB=32, LargerMinGB=12, DefaultMinGB=8, SmallerMinGB=6, SmallestMinGB=0)
[2020.01.26-13.40.06:187][  0]LogInit: Going up to parent DeviceProfile []
[2020.01.26-13.40.06:187][  0]LogConfig: Applying CVar settings from Section [ViewDistanceQuality@3] File [D:/D.Escritorio/Github/Practica1_Motors/Practica1_Dani_Marti/Saved/Config/Windows/Scalability.ini]
[2020.01.26-13.40.06:187][  0]LogConfig: Setting CVar [[r.SkeletalMeshLODBias:0]]
[2020.01.26-13.40.06:187][  0]LogConfig: Setting CVar [[r.ViewDistanceScale:1.0]]
[2020.01.26-13.40.06:187][  0]LogConfig: Applying CVar settings from Section [AntiAliasingQuality@3] File [D:/D.Escritorio/Github/Practica1_Motors/Practica1_Dani_Marti/Saved/Config/Windows/Scalability.ini]
[2020.01.26-13.40.06:187][  0]LogConfig: Setting CVar [[r.PostProcessAAQuality:4]]
[2020.01.26-13.40.06:187][  0]LogConfig: Applying CVar settings from Section [ShadowQuality@3] File [D:/D.Escritorio/Github/Practica1_Motors/Practica1_Dani_Marti/Saved/Config/Windows/Scalability.ini]
[2020.01.26-13.40.06:187][  0]LogConfig: Setting CVar [[r.LightFunctionQuality:1]]
[2020.01.26-13.40.06:187][  0]LogConfig: Setting CVar [[r.ShadowQuality:5]]
[2020.01.26-13.40.06:187][  0]LogConfig: Setting CVar [[r.Shadow.CSM.MaxCascades:10]]
[2020.01.26-13.40.06:187][  0]LogConfig: Setting CVar [[r.Shadow.MaxResolution:2048]]
[2020.01.26-13.40.06:187][  0]LogConfig: Setting CVar [[r.Shadow.MaxCSMResolution:2048]]
[2020.01.26-13.40.06:187][  0]LogConfig: Setting CVar [[r.Shadow.RadiusThreshold:0.01]]
[2020.01.26-13.40.06:187][  0]LogConfig: Setting CVar [[r.Shadow.DistanceScale:1.0]]
[2020.01.26-13.40.06:187][  0]LogConfig: Setting CVar [[r.Shadow.CSM.TransitionScale:1.0]]
[2020.01.26-13.40.06:187][  0]LogConfig: Setting CVar [[r.Shadow.PreShadowResolutionFactor:1.0]]
[2020.01.26-13.40.06:187][  0]LogConfig: Setting CVar [[r.DistanceFieldShadowing:1]]
[2020.01.26-13.40.06:187][  0]LogConfig: Setting CVar [[r.DistanceFieldAO:1]]
[2020.01.26-13.40.06:187][  0]LogConfig: Setting CVar [[r.AOQuality:2]]
[2020.01.26-13.40.06:187][  0]LogConfig: Setting CVar [[r.VolumetricFog:1]]
[2020.01.26-13.40.06:187][  0]LogConfig: Setting CVar [[r.VolumetricFog.GridPixelSize:8]]
[2020.01.26-13.40.06:187][  0]LogConfig: Setting CVar [[r.VolumetricFog.GridSizeZ:128]]
[2020.01.26-13.40.06:187][  0]LogConfig: Setting CVar [[r.VolumetricFog.HistoryMissSupersampleCount:4]]
[2020.01.26-13.40.06:187][  0]LogConfig: Setting CVar [[r.LightMaxDrawDistanceScale:1]]
[2020.01.26-13.40.06:187][  0]LogConfig: Setting CVar [[r.CapsuleShadows:1]]
[2020.01.26-13.40.06:187][  0]LogConfig: Applying CVar settings from Section [PostProcessQuality@3] File [D:/D.Escritorio/Github/Practica1_Motors/Practica1_Dani_Marti/Saved/Config/Windows/Scalability.ini]
[2020.01.26-13.40.06:187][  0]LogConfig: Setting CVar [[r.MotionBlurQuality:4]]
[2020.01.26-13.40.06:187][  0]LogConfig: Setting CVar [[r.AmbientOcclusionMipLevelFactor:0.4]]
[2020.01.26-13.40.06:187][  0]LogConfig: Setting CVar [[r.AmbientOcclusionMaxQuality:100]]
[2020.01.26-13.40.06:187][  0]LogConfig: Setting CVar [[r.AmbientOcclusionLevels:-1]]
[2020.01.26-13.40.06:187][  0]LogConfig: Setting CVar [[r.AmbientOcclusionRadiusScale:1.0]]
[2020.01.26-13.40.06:187][  0]LogConfig: Setting CVar [[r.DepthOfFieldQuality:2]]
[2020.01.26-13.40.06:187][  0]LogConfig: Setting CVar [[r.RenderTargetPoolMin:400]]
[2020.01.26-13.40.06:187][  0]LogConfig: Setting CVar [[r.LensFlareQuality:2]]
[2020.01.26-13.40.06:187][  0]LogConfig: Setting CVar [[r.SceneColorFringeQuality:1]]
[2020.01.26-13.40.06:187][  0]LogConfig: Setting CVar [[r.EyeAdaptationQuality:2]]
[2020.01.26-13.40.06:187][  0]LogConfig: Setting CVar [[r.BloomQuality:5]]
[2020.01.26-13.40.06:187][  0]LogConfig: Setting CVar [[r.FastBlurThreshold:100]]
[2020.01.26-13.40.06:187][  0]LogConfig: Setting CVar [[r.Upscale.Quality:3]]
[2020.01.26-13.40.06:187][  0]LogConfig: Setting CVar [[r.Tonemapper.GrainQuantization:1]]
[2020.01.26-13.40.06:187][  0]LogConfig: Setting CVar [[r.LightShaftQuality:1]]
[2020.01.26-13.40.06:188][  0]LogConfig: Setting CVar [[r.Filter.SizeScale:1]]
[2020.01.26-13.40.06:188][  0]LogConfig: Setting CVar [[r.Tonemapper.Quality:5]]
[2020.01.26-13.40.06:188][  0]LogConfig: Setting CVar [[r.DOF.Gather.AccumulatorQuality:1        ; higher gathering accumulator quality]]
[2020.01.26-13.40.06:188][  0]LogConfig: Setting CVar [[r.DOF.Gather.PostfilterMethod:1          ; Median3x3 postfilering method]]
[2020.01.26-13.40.06:188][  0]LogConfig: Setting CVar [[r.DOF.Gather.EnableBokehSettings:0       ; no bokeh simulation when gathering]]
[2020.01.26-13.40.06:188][  0]LogConfig: Setting CVar [[r.DOF.Gather.RingCount:4                 ; medium number of samples when gathering]]
[2020.01.26-13.40.06:188][  0]LogConfig: Setting CVar [[r.DOF.Scatter.ForegroundCompositing:1    ; additive foreground scattering]]
[2020.01.26-13.40.06:188][  0]LogConfig: Setting CVar [[r.DOF.Scatter.BackgroundCompositing:2    ; additive background scattering]]
[2020.01.26-13.40.06:188][  0]LogConfig: Setting CVar [[r.DOF.Scatter.EnableBokehSettings:1      ; bokeh simulation when scattering]]
[2020.01.26-13.40.06:188][  0]LogConfig: Setting CVar [[r.DOF.Scatter.MaxSpriteRatio:0.1         ; only a maximum of 10% of scattered bokeh]]
[2020.01.26-13.40.06:188][  0]LogConfig: Setting CVar [[r.DOF.Recombine.Quality:1                ; cheap slight out of focus]]
[2020.01.26-13.40.06:188][  0]LogConfig: Setting CVar [[r.DOF.Recombine.EnableBokehSettings:0    ; no bokeh simulation on slight out of focus]]
[2020.01.26-13.40.06:188][  0]LogConfig: Setting CVar [[r.DOF.TemporalAAQuality:1                ; more stable temporal accumulation]]
[2020.01.26-13.40.06:188][  0]LogConfig: Setting CVar [[r.DOF.Kernel.MaxForegroundRadius:0.025]]
[2020.01.26-13.40.06:188][  0]LogConfig: Setting CVar [[r.DOF.Kernel.MaxBackgroundRadius:0.025]]
[2020.01.26-13.40.06:188][  0]LogConfig: Applying CVar settings from Section [TextureQuality@3] File [D:/D.Escritorio/Github/Practica1_Motors/Practica1_Dani_Marti/Saved/Config/Windows/Scalability.ini]
[2020.01.26-13.40.06:188][  0]LogConfig: Setting CVar [[r.Streaming.MipBias:0]]
[2020.01.26-13.40.06:188][  0]LogConfig: Setting CVar [[r.Streaming.AmortizeCPUToGPUCopy:0]]
[2020.01.26-13.40.06:188][  0]LogConfig: Setting CVar [[r.Streaming.MaxNumTexturesToStreamPerFrame:0]]
[2020.01.26-13.40.06:188][  0]LogConfig: Setting CVar [[r.Streaming.Boost:1]]
[2020.01.26-13.40.06:188][  0]LogConfig: Setting CVar [[r.MaxAnisotropy:8]]
[2020.01.26-13.40.06:188][  0]LogConfig: Setting CVar [[r.VT.MaxAnisotropy:8]]
[2020.01.26-13.40.06:188][  0]LogConfig: Setting CVar [[r.Streaming.LimitPoolSizeToVRAM:0]]
[2020.01.26-13.40.06:188][  0]LogConfig: Setting CVar [[r.Streaming.PoolSize:1000]]
[2020.01.26-13.40.06:188][  0]LogConfig: Setting CVar [[r.Streaming.MaxEffectiveScreenSize:0]]
[2020.01.26-13.40.06:188][  0]LogConfig: Applying CVar settings from Section [EffectsQuality@3] File [D:/D.Escritorio/Github/Practica1_Motors/Practica1_Dani_Marti/Saved/Config/Windows/Scalability.ini]
[2020.01.26-13.40.06:188][  0]LogConfig: Setting CVar [[r.TranslucencyLightingVolumeDim:64]]
[2020.01.26-13.40.06:188][  0]LogConfig: Setting CVar [[r.RefractionQuality:2]]
[2020.01.26-13.40.06:188][  0]LogConfig: Setting CVar [[r.SSR.Quality:3]]
[2020.01.26-13.40.06:188][  0]LogConfig: Setting CVar [[r.SSR.HalfResSceneColor:0]]
[2020.01.26-13.40.06:188][  0]LogConfig: Setting CVar [[r.SceneColorFormat:4]]
[2020.01.26-13.40.06:188][  0]LogConfig: Setting CVar [[r.DetailMode:2]]
[2020.01.26-13.40.06:188][  0]LogConfig: Setting CVar [[r.TranslucencyVolumeBlur:1]]
[2020.01.26-13.40.06:188][  0]LogConfig: Setting CVar [[r.MaterialQualityLevel:1 ; High quality]]
[2020.01.26-13.40.06:188][  0]LogConfig: Setting CVar [[r.SSS.Scale:1]]
[2020.01.26-13.40.06:188][  0]LogConfig: Setting CVar [[r.SSS.SampleSet:2]]
[2020.01.26-13.40.06:189][  0]LogConfig: Setting CVar [[r.SSS.Quality:1]]
[2020.01.26-13.40.06:189][  0]LogConfig: Setting CVar [[r.SSS.HalfRes:1]]
[2020.01.26-13.40.06:189][  0]LogConfig: Setting CVar [[r.SSGI.Quality:3]]
[2020.01.26-13.40.06:189][  0]LogConfig: Setting CVar [[r.EmitterSpawnRateScale:1.0]]
[2020.01.26-13.40.06:189][  0]LogConfig: Setting CVar [[r.ParticleLightQuality:2]]
[2020.01.26-13.40.06:189][  0]LogConfig: Setting CVar [[r.SkyAtmosphere.AerialPerspectiveLUT.FastApplyOnOpaque:1 ; Always have FastSkyLUT 1 in this case to avoid wrong sky]]
[2020.01.26-13.40.06:189][  0]LogConfig: Setting CVar [[r.SkyAtmosphere.AerialPerspectiveLUT.SampleCountPerSlice:1]]
[2020.01.26-13.40.06:189][  0]LogConfig: Setting CVar [[r.SkyAtmosphere.AerialPerspectiveLUT.DepthResolution:16.0]]
[2020.01.26-13.40.06:189][  0]LogConfig: Setting CVar [[r.SkyAtmosphere.FastSkyLUT:1]]
[2020.01.26-13.40.06:189][  0]LogConfig: Setting CVar [[r.SkyAtmosphere.FastSkyLUT.SampleCountMin:4.0]]
[2020.01.26-13.40.06:189][  0]LogConfig: Setting CVar [[r.SkyAtmosphere.FastSkyLUT.SampleCountMax:32.0]]
[2020.01.26-13.40.06:189][  0]LogConfig: Setting CVar [[r.SkyAtmosphere.SampleCountMin:4.0]]
[2020.01.26-13.40.06:189][  0]LogConfig: Setting CVar [[r.SkyAtmosphere.SampleCountMax:32.0]]
[2020.01.26-13.40.06:189][  0]LogConfig: Setting CVar [[r.SkyAtmosphere.TransmittanceLUT.UseSmallFormat:0]]
[2020.01.26-13.40.06:189][  0]LogConfig: Setting CVar [[r.SkyAtmosphere.TransmittanceLUT.SampleCount:10.0]]
[2020.01.26-13.40.06:189][  0]LogConfig: Setting CVar [[r.SkyAtmosphere.MultiScatteringLUT.SampleCount:15.0]]
[2020.01.26-13.40.06:189][  0]LogConfig: Applying CVar settings from Section [FoliageQuality@3] File [D:/D.Escritorio/Github/Practica1_Motors/Practica1_Dani_Marti/Saved/Config/Windows/Scalability.ini]
[2020.01.26-13.40.06:189][  0]LogConfig: Setting CVar [[foliage.DensityScale:1.0]]
[2020.01.26-13.40.06:189][  0]LogConfig: Setting CVar [[grass.DensityScale:1.0]]
[2020.01.26-13.40.06:189][  0]LogConfig: Applying CVar settings from Section [ShadingQuality@3] File [D:/D.Escritorio/Github/Practica1_Motors/Practica1_Dani_Marti/Saved/Config/Windows/Scalability.ini]
[2020.01.26-13.40.06:189][  0]LogConfig: Setting CVar [[r.HairStrands.SkyLighting.SampleCount:16]]
[2020.01.26-13.40.06:189][  0]LogConfig: Setting CVar [[r.HairStrands.SkyLighting.JitterIntegration:0]]
[2020.01.26-13.40.06:189][  0]LogConfig: Setting CVar [[r.HairStrands.SkyAO.SampleCount:16]]
[2020.01.26-13.40.06:189][  0]LogConfig: Applying CVar settings from Section [Startup] File [../../../Engine/Config/ConsoleVariables.ini]
[2020.01.26-13.40.06:190][  0]LogConfig: Setting CVar [[net.UseAdaptiveNetUpdateFrequency:0]]
[2020.01.26-13.40.06:190][  0]LogConfig: Setting CVar [[p.chaos.AllowCreatePhysxBodies:1]]
[2020.01.26-13.40.06:190][  0]LogConfig: Applying CVar settings from Section [ConsoleVariables] File [D:/D.Escritorio/Github/Practica1_Motors/Practica1_Dani_Marti/Saved/Config/Windows/Engine.ini]
[2020.01.26-13.40.06:190][  0]LogInit: Computer: DESKTOP-CFSDNL4
[2020.01.26-13.40.06:190][  0]LogInit: User: Dani
[2020.01.26-13.40.06:190][  0]LogInit: CPU Page size=4096, Cores=4
[2020.01.26-13.40.06:190][  0]LogInit: High frequency timer resolution =10.000000 MHz
[2020.01.26-13.40.06:190][  0]LogMemory: Memory total: Physical=15.9GB (16GB approx)
[2020.01.26-13.40.06:190][  0]LogMemory: Platform Memory Stats for Windows
[2020.01.26-13.40.06:190][  0]LogMemory: Process Physical Memory: 105.16 MB used, 105.17 MB peak
[2020.01.26-13.40.06:190][  0]LogMemory: Process Virtual Memory: 100.80 MB used, 100.80 MB peak
[2020.01.26-13.40.06:190][  0]LogMemory: Physical Memory: 9105.76 MB used,  7144.51 MB free, 16250.27 MB total
[2020.01.26-13.40.06:190][  0]LogMemory: Virtual Memory: 5137.51 MB used,  134212592.00 MB free, 134217728.00 MB total
[2020.01.26-13.40.06:194][  0]LogWindows: WindowsPlatformFeatures enabled
[2020.01.26-13.40.06:227][  0]LogInit: Overriding language with editor language configuration option (en).
[2020.01.26-13.40.06:228][  0]LogInit: Overriding locale with editor locale configuration option (en).
[2020.01.26-13.40.06:449][  0]LogInit: Setting process to per monitor DPI aware
[2020.01.26-13.40.06:500][  0]LogSlate: New Slate User Created.  User Index 0, Is Virtual User: 0
[2020.01.26-13.40.06:500][  0]LogSlate: Slate User Registered.  User Index 0, Is Virtual User: 0
[2020.01.26-13.40.06:836][  0]LogHMD: Failed to initialize OpenVR with code 110
[2020.01.26-13.40.06:836][  0]LogD3D11RHI: D3D11 min allowed feature level: 11_0
[2020.01.26-13.40.06:836][  0]LogD3D11RHI: D3D11 max allowed feature level: 11_0
[2020.01.26-13.40.06:836][  0]LogD3D11RHI: D3D11 adapters:
[2020.01.26-13.40.06:959][  0]LogD3D11RHI:    0. 'NVIDIA GeForce GTX 1050 Ti' (Feature Level 11_0)
[2020.01.26-13.40.06:959][  0]LogD3D11RHI:       4018/0/8125 MB DedicatedVideo/DedicatedSystem/SharedSystem, Outputs:1, VendorId:0x10de
[2020.01.26-13.40.06:974][  0]LogD3D11RHI:    1. 'Intel(R) HD Graphics 630' (Feature Level 11_0)
[2020.01.26-13.40.06:974][  0]LogD3D11RHI:       128/0/8125 MB DedicatedVideo/DedicatedSystem/SharedSystem, Outputs:0, VendorId:0x8086
[2020.01.26-13.40.06:977][  0]LogD3D11RHI:    2. 'Microsoft Basic Render Driver' (Feature Level 11_0)
[2020.01.26-13.40.06:977][  0]LogD3D11RHI:       0/0/8125 MB DedicatedVideo/DedicatedSystem/SharedSystem, Outputs:0, VendorId:0x1414
[2020.01.26-13.40.06:977][  0]LogD3D11RHI: Chosen D3D11 Adapter: 0
[2020.01.26-13.40.07:045][  0]LogD3D11RHI: Creating new Direct3DDevice
[2020.01.26-13.40.07:045][  0]LogD3D11RHI:     GPU DeviceId: 0x1c8c (for the marketing name, search the web for "GPU Device Id")
[2020.01.26-13.40.07:045][  0]LogWindows: EnumDisplayDevices:
[2020.01.26-13.40.07:045][  0]LogWindows:    0. 'Intel(R) HD Graphics 630' (P:1 D:1)
[2020.01.26-13.40.07:046][  0]LogWindows:    1. 'Intel(R) HD Graphics 630' (P:0 D:0)
[2020.01.26-13.40.07:046][  0]LogWindows:    2. 'Intel(R) HD Graphics 630' (P:0 D:0)
[2020.01.26-13.40.07:047][  0]LogWindows:    3. 'NVIDIA GeForce GTX 1050 Ti' (P:0 D:0)
[2020.01.26-13.40.07:047][  0]LogWindows: DebugString: PrimaryIsNotTheChoosenAdapter PrimaryIsNotTheChoosenAdapter PrimaryIsNotTheChoosenAdapter 
[2020.01.26-13.40.07:047][  0]LogD3D11RHI:     Adapter Name: NVIDIA GeForce GTX 1050 Ti
[2020.01.26-13.40.07:047][  0]LogD3D11RHI:   Driver Version: 430.86 (internal:26.21.14.3086, unified:430.86)
[2020.01.26-13.40.07:047][  0]LogD3D11RHI:      Driver Date: 5-22-2019
[2020.01.26-13.40.07:047][  0]LogRHI: Texture pool is 2812 MB (70% of 4018 MB)
[2020.01.26-13.40.07:116][  0]LogD3D11RHI: RHI has support for 64 bit atomics
[2020.01.26-13.40.07:117][  0]LogD3D11RHI: Async texture creation enabled
[2020.01.26-13.40.07:161][  0]LogD3D11RHI: GPU Timing Frequency: 1000.000000 (Debug: 2 1)
[2020.01.26-13.40.07:737][  0]LogTargetPlatformManager: Display: Loaded TargetPlatform 'AllDesktop'
[2020.01.26-13.40.07:774][  0]LogTargetPlatformManager: Display: Loaded TargetPlatform 'Android'
[2020.01.26-13.40.07:774][  0]LogTargetPlatformManager: Display: Loaded TargetPlatform 'Android_ASTC'
[2020.01.26-13.40.07:774][  0]LogTargetPlatformManager: Display: Loaded TargetPlatform 'Android_ATC'
[2020.01.26-13.40.07:774][  0]LogTargetPlatformManager: Display: Loaded TargetPlatform 'Android_DXT'
[2020.01.26-13.40.07:774][  0]LogTargetPlatformManager: Display: Loaded TargetPlatform 'Android_ETC1'
[2020.01.26-13.40.07:774][  0]LogTargetPlatformManager: Display: Loaded TargetPlatform 'Android_ETC1a'
[2020.01.26-13.40.07:774][  0]LogTargetPlatformManager: Display: Loaded TargetPlatform 'Android_ETC2'
[2020.01.26-13.40.07:774][  0]LogTargetPlatformManager: Display: Loaded TargetPlatform 'Android_PVRTC'
[2020.01.26-13.40.07:774][  0]LogTargetPlatformManager: Display: Loaded TargetPlatform 'AndroidClient'
[2020.01.26-13.40.07:774][  0]LogTargetPlatformManager: Display: Loaded TargetPlatform 'Android_ASTCClient'
[2020.01.26-13.40.07:774][  0]LogTargetPlatformManager: Display: Loaded TargetPlatform 'Android_ATCClient'
[2020.01.26-13.40.07:774][  0]LogTargetPlatformManager: Display: Loaded TargetPlatform 'Android_DXTClient'
[2020.01.26-13.40.07:774][  0]LogTargetPlatformManager: Display: Loaded TargetPlatform 'Android_ETC1Client'
[2020.01.26-13.40.07:774][  0]LogTargetPlatformManager: Display: Loaded TargetPlatform 'Android_ETC1aClient'
[2020.01.26-13.40.07:774][  0]LogTargetPlatformManager: Display: Loaded TargetPlatform 'Android_ETC2Client'
[2020.01.26-13.40.07:774][  0]LogTargetPlatformManager: Display: Loaded TargetPlatform 'Android_PVRTCClient'
[2020.01.26-13.40.07:774][  0]LogTargetPlatformManager: Display: Loaded TargetPlatform 'Android_Multi'
[2020.01.26-13.40.07:774][  0]LogTargetPlatformManager: Display: Loaded TargetPlatform 'Android_MultiClient'
[2020.01.26-13.40.07:796][  0]LogTargetPlatformManager: Display: Loaded TargetPlatform 'IOSClient'
[2020.01.26-13.40.07:796][  0]LogTargetPlatformManager: Display: Loaded TargetPlatform 'IOS'
[2020.01.26-13.40.07:805][  0]LogTargetPlatformManager: Display: Loaded TargetPlatform 'LinuxNoEditor'
[2020.01.26-13.40.07:815][  0]LogTargetPlatformManager: Display: Loaded TargetPlatform 'LinuxClient'
[2020.01.26-13.40.07:822][  0]LogTargetPlatformManager: Display: Loaded TargetPlatform 'LinuxServer'
[2020.01.26-13.40.07:831][  0]LogTargetPlatformManager: Display: Loaded TargetPlatform 'LinuxAArch64NoEditor'
[2020.01.26-13.40.07:840][  0]LogTargetPlatformManager: Display: Loaded TargetPlatform 'LinuxAArch64Client'
[2020.01.26-13.40.07:849][  0]LogTargetPlatformManager: Display: Loaded TargetPlatform 'LinuxAArch64Server'
[2020.01.26-13.40.07:897][  0]LogTargetPlatformManager: Display: Loaded TargetPlatform 'Lumin'
[2020.01.26-13.40.07:897][  0]LogTargetPlatformManager: Display: Loaded TargetPlatform 'LuminClient'
[2020.01.26-13.40.07:925][  0]LogTargetPlatformManager: Display: Loaded TargetPlatform 'TVOSClient'
[2020.01.26-13.40.07:925][  0]LogTargetPlatformManager: Display: Loaded TargetPlatform 'TVOS'
[2020.01.26-13.40.07:940][  0]LogTargetPlatformManager: Display: Loaded TargetPlatform 'WindowsNoEditor'
[2020.01.26-13.40.07:956][  0]LogTargetPlatformManager: Display: Loaded TargetPlatform 'Windows'
[2020.01.26-13.40.07:970][  0]LogTargetPlatformManager: Display: Loaded TargetPlatform 'WindowsClient'
[2020.01.26-13.40.07:984][  0]LogTargetPlatformManager: Display: Loaded TargetPlatform 'WindowsServer'
[2020.01.26-13.40.07:984][  0]LogTargetPlatformManager: Display: Building Assets For Windows
[2020.01.26-13.40.07:989][  0]LogAudioDebug: Display: Lib vorbis DLL was dynamically loaded.
[2020.01.26-13.40.08:029][  0]LogShaderCompilers: Guid format shader working directory is -27 characters bigger than the processId version (../../../../../D.Escritorio/Github/Practica1_Motors/Practica1_Dani_Marti/Intermediate/Shaders/WorkingDirectory/28812/).
[2020.01.26-13.40.08:029][  0]LogShaderCompilers: Cleaned the shader compiler working directory 'C:/Users/danie/AppData/Local/Temp/UnrealShaderWorkingDir/C1328AC743DA9F14EC46A68BA4EF41DB/'.
[2020.01.26-13.40.08:031][  0]LogXGEController: Cannot use XGE Controller as Incredibuild is not installed on this machine.
[2020.01.26-13.40.08:031][  0]LogShaderCompilers: Cannot use XGE Shader Compiler as Incredibuild is not installed on this machine.
[2020.01.26-13.40.08:031][  0]LogShaderCompilers: Display: Using Local Shader Compiler.
[2020.01.26-13.40.09:047][  0]LogDerivedDataCache: Display: Max Cache Size: 512 MB
[2020.01.26-13.40.09:140][  0]LogDerivedDataCache: Loaded boot cache 0.09s 78MB C:/Users/danie/AppData/Local/UnrealEngine/4.24/DerivedDataCache/Boot.ddc.
[2020.01.26-13.40.09:140][  0]LogDerivedDataCache: Display: Loaded Boot cache: C:/Users/danie/AppData/Local/UnrealEngine/4.24/DerivedDataCache/Boot.ddc
[2020.01.26-13.40.09:141][  0]LogDerivedDataCache: FDerivedDataBackendGraph:  Pak pak cache file ../../../../../D.Escritorio/Github/Practica1_Motors/Practica1_Dani_Marti/DerivedDataCache/DDC.ddp not found, will not use a pak cache.
[2020.01.26-13.40.09:141][  0]LogDerivedDataCache: Unable to find inner node Pak for hierarchical cache Hierarchy.
[2020.01.26-13.40.09:141][  0]LogDerivedDataCache: FDerivedDataBackendGraph:  CompressedPak pak cache file ../../../../../D.Escritorio/Github/Practica1_Motors/Practica1_Dani_Marti/DerivedDataCache/Compressed.ddp not found, will not use a pak cache.
[2020.01.26-13.40.09:141][  0]LogDerivedDataCache: Unable to find inner node CompressedPak for hierarchical cache Hierarchy.
[2020.01.26-13.40.09:154][  0]LogDerivedDataCache: Display: Pak cache opened for reading ../../../Engine/DerivedDataCache/Compressed.ddp.
[2020.01.26-13.40.09:155][  0]LogDerivedDataCache: FDerivedDataBackendGraph:  EnterprisePak pak cache file ../../../Enterprise/DerivedDataCache/Compressed.ddp not found, will not use a pak cache.
[2020.01.26-13.40.09:155][  0]LogDerivedDataCache: Unable to find inner node EnterprisePak for hierarchical cache Hierarchy.
[2020.01.26-13.40.09:155][  0]LogDerivedDataCache: Using Local data cache path C:/Users/danie/AppData/Local/UnrealEngine/Common/DerivedDataCache: Writable
[2020.01.26-13.40.09:155][  0]LogDerivedDataCache: Shared data cache path not found in *engine.ini, will not use an Shared cache.
[2020.01.26-13.40.09:155][  0]LogDerivedDataCache: Unable to find inner node Shared for hierarchical cache Hierarchy.
[2020.01.26-13.40.09:189][  0]LogMaterial: Verifying Global Shaders for PCD3D_SM5
[2020.01.26-13.40.09:192][  0]LogSlate: Using FreeType 2.10.0
[2020.01.26-13.40.09:192][  0]LogSlate: SlateFontServices - WITH_FREETYPE: 1, WITH_HARFBUZZ: 1
[2020.01.26-13.40.09:280][  0]LogAssetRegistry: FAssetRegistry took 0.0052 seconds to start up
[2020.01.26-13.40.09:732][  0]LogInit: Selected Device Profile: [Windows]
[2020.01.26-13.40.09:964][  0]LogMeshReduction: Using QuadricMeshReduction for automatic static mesh reduction
[2020.01.26-13.40.09:964][  0]LogMeshReduction: Using SimplygonMeshReduction for automatic skeletal mesh reduction
[2020.01.26-13.40.09:964][  0]LogMeshReduction: Using ProxyLODMeshReduction for automatic mesh merging
[2020.01.26-13.40.09:964][  0]LogMeshReduction: No distributed automatic mesh merging module available
[2020.01.26-13.40.09:964][  0]LogMeshMerging: No distributed automatic mesh merging module available
[2020.01.26-13.40.09:979][  0]LogNetVersion: Practica1_Dani_Marti 1.0.0, NetCL: 10570792, EngineNetVer: 13, GameNetVer: 0 (Checksum: 3540969508)
[2020.01.26-13.40.11:812][  0]LogPackageLocalizationCache: Processed 10 localized package path(s) for 1 prioritized culture(s) in 0.123092 seconds
[2020.01.26-13.40.11:820][  0]LogUObjectArray: 46750 objects as part of root set at end of initial load.
[2020.01.26-13.40.11:820][  0]LogUObjectAllocator: 8137160 out of 0 bytes used by permanent object pool.
[2020.01.26-13.40.11:820][  0]LogUObjectArray: CloseDisregardForGC: 0/0 objects in disregard for GC pool
[2020.01.26-13.40.12:405][  0]LogTcpMessaging: Initializing TcpMessaging bridge
[2020.01.26-13.40.12:408][  0]LogUdpMessaging: Initializing bridge on interface 0.0.0.0:0 to multicast group 230.0.0.1:6666.
[2020.01.26-13.40.12:498][  0]SourceControl: Source control is disabled
[2020.01.26-13.40.12:498][  0]SourceControl: Source control is disabled
[2020.01.26-13.40.12:499][  0]SourceControl: Source control is disabled
[2020.01.26-13.40.12:500][  0]SourceControl: Source control is disabled
[2020.01.26-13.40.12:501][  0]SourceControl: Source control is disabled
[2020.01.26-13.40.12:757][  0]LogAndroidPermission: UAndroidPermissionCallbackProxy::GetInstance
[2020.01.26-13.40.12:781][  0]LogAudioCaptureCore: Display: No Audio Capture implementations found. Audio input will be silent.
[2020.01.26-13.40.12:781][  0]LogAudioCaptureCore: Display: No Audio Capture implementations found. Audio input will be silent.
[2020.01.26-13.40.12:982][  0]LogOcInput: OculusInput pre-init called
[2020.01.26-13.40.12:991][  0]LogWindows: Failed to load 'OVRPlugin.dll' (GetLastError=126)
[2020.01.26-13.40.12:991][  0]LogWindows: File 'OVRPlugin.dll' does not exist
[2020.01.26-13.40.13:120][  0]LogEngine: Initializing Engine...
[2020.01.26-13.40.13:122][  0]LogHMD: Failed to initialize OpenVR with code 110
[2020.01.26-13.40.13:124][  0]LogStats: UGameplayTagsManager::InitializeManager -  0.001 s
[2020.01.26-13.40.13:688][  0]LogInit: Initializing FReadOnlyCVARCache
[2020.01.26-13.40.13:703][  0]LogAIModule: Creating AISystem for world Untitled
[2020.01.26-13.40.13:802][  0]LogAudioMixer: Display: Audio Mixer Platform Settings:
[2020.01.26-13.40.13:802][  0]LogAudioMixer: Display: 	Sample Rate:						  48000
[2020.01.26-13.40.13:802][  0]LogAudioMixer: Display: 	Callback Buffer Frame Size Requested: 1024
[2020.01.26-13.40.13:802][  0]LogAudioMixer: Display: 	Callback Buffer Frame Size To Use:	  1024
[2020.01.26-13.40.13:802][  0]LogAudioMixer: Display: 	Number of buffers to queue:			  2
[2020.01.26-13.40.13:802][  0]LogAudioMixer: Display: 	Max Channels (voices):				  32
[2020.01.26-13.40.13:802][  0]LogAudioMixer: Display: 	Number of Async Source Workers:		  0
[2020.01.26-13.40.13:802][  0]LogAudio: Display: AudioDevice MaxSources: 32
[2020.01.26-13.40.13:802][  0]LogAudio: Display: Using built-in audio occlusion.
[2020.01.26-13.40.13:803][  0]LogAudioMixer: Display: Initializing audio mixer.
[2020.01.26-13.40.13:823][  0]LogAudioMixer: Display: Audio Device Output Speaker Info:
[2020.01.26-13.40.13:823][  0]LogAudioMixer: Display: Name: Auriculares (TAOTRONICS SoundSurge 60 Stereo)
[2020.01.26-13.40.13:823][  0]LogAudioMixer: Display: Is Default: Yes
[2020.01.26-13.40.13:823][  0]LogAudioMixer: Display: Sample Rate: 44100
[2020.01.26-13.40.13:823][  0]LogAudioMixer: Display: Channel Count Used: 2
[2020.01.26-13.40.13:823][  0]LogAudioMixer: Display: Device Channel Count: 2
[2020.01.26-13.40.13:823][  0]LogAudioMixer: Display: Channel Order:
[2020.01.26-13.40.13:823][  0]LogAudioMixer: Display: 0: FrontLeft
[2020.01.26-13.40.13:823][  0]LogAudioMixer: Display: 1: FrontRight
[2020.01.26-13.40.13:901][  0]LogAudioMixer: Display: Using Audio Device Auriculares (TAOTRONICS SoundSurge 60 Stereo)
[2020.01.26-13.40.13:913][  0]LogInit: FAudioDevice initialized.
[2020.01.26-13.40.13:913][  0]LogNetVersion: Set ProjectVersion to 1.0.0.0. Version Checksum will be recalculated on next use.
[2020.01.26-13.40.14:036][  0]LogDerivedDataCache: Saved boot cache 0.12s 78MB C:/Users/danie/AppData/Local/UnrealEngine/4.24/DerivedDataCache/Boot.ddc.
[2020.01.26-13.40.14:040][  0]LogInit: Texture streaming: Enabled
[2020.01.26-13.40.14:052][  0]LogEngineSessionManager: EngineSessionManager initialized
[2020.01.26-13.40.14:052][  0]LogEditorSessionSummary: Verbose: Initializing EditorSessionSummaryWriter for editor session tracking
[2020.01.26-13.40.14:055][  0]LogEditorSessionSummary: EditorSessionSummaryWriter initialized
[2020.01.26-13.40.14:155][  0]LogInit: Transaction tracking system initialized
[2020.01.26-13.40.14:169][  0]BlueprintLog: New page: Editor Load
[2020.01.26-13.40.14:216][  0]LocalizationService: Localization service is disabled
[2020.01.26-13.40.14:786][  0]LogFileCache: Scanning file cache for directory 'D:/D.Escritorio/Github/Practica1_Motors/Practica1_Dani_Marti/Content/' took 0.03s
[2020.01.26-13.40.14:786][  0]LogCook: Display: Max memory allowance for cook 16384mb min free memory 0mb
[2020.01.26-13.40.14:786][  0]LogCook: Display: Mobile HDR setting 1
[2020.01.26-13.40.16:050][  0]SourceControl: Source control is disabled
[2020.01.26-13.40.16:050][  0]Cmd: MAP LOAD FILE="../../../../../D.Escritorio/Github/Practica1_Motors/Practica1_Dani_Marti/Content/ThirdPersonBP/Maps/ThirdPersonExampleMap.umap" TEMPLATE=0 SHOWPROGRESS=1 FEATURELEVEL=3
[2020.01.26-13.40.16:155][  0]LightingResults: New page: Lighting Build
[2020.01.26-13.40.16:156][  0]LogWorld: UWorld::CleanupWorld for Untitled, bSessionEnded=true, bCleanupResources=true
[2020.01.26-13.40.16:156][  0]LogSlate: InvalidateAllWidgets triggered.  All widgets were invalidated
[2020.01.26-13.40.16:156][  0]MapCheck: New page: Map Check
[2020.01.26-13.40.16:156][  0]LightingResults: New page: Lighting Build
[2020.01.26-13.40.16:190][  0]LogUObjectHash: Compacting FUObjectHashTables data took   2.84ms
[2020.01.26-13.40.22:395][  0]LogAIModule: Creating AISystem for world ThirdPersonExampleMap
[2020.01.26-13.40.23:080][  0]LogEditorServer: Finished looking for orphan Actors (0.000 secs)
[2020.01.26-13.40.23:210][  0]LogUObjectHash: Compacting FUObjectHashTables data took   2.25ms
[2020.01.26-13.40.23:211][  0]Cmd: MAP CHECKDEP NOCLEARLOG
[2020.01.26-13.40.23:211][  0]MapCheck: Map check complete: 0 Error(s), 0 Warning(s), took 0.132ms to complete.
[2020.01.26-13.40.23:211][  0]LogFileHelpers: Loading map 'ThirdPersonExampleMap' took 7.161
[2020.01.26-13.40.25:111][  0]LogSlate: Updating window title bar state: overlay mode, drag disabled, window buttons hidden, title bar hidden
[2020.01.26-13.40.25:183][  0]LogSlate: Updating window title bar state: overlay mode, drag disabled, window buttons hidden, title bar hidden
[2020.01.26-13.40.25:201][  0]LogSlate: Updating window title bar state: overlay mode, drag disabled, window buttons hidden, title bar hidden
[2020.01.26-13.40.25:215][  0]LogSlate: Updating window title bar state: overlay mode, drag disabled, window buttons hidden, title bar hidden
[2020.01.26-13.40.25:346][  0]LogCollectionManager: Loaded 0 collections in 0.001138 seconds
[2020.01.26-13.40.25:642][  0]LogFileCache: Scanning file cache for directory 'D:/D.Escritorio/Github/Practica1_Motors/Practica1_Dani_Marti/Saved/Collections/' took 0.00s
[2020.01.26-13.40.25:642][  0]LogFileCache: Scanning file cache for directory 'D:/D.Escritorio/Github/Practica1_Motors/Practica1_Dani_Marti/Content/Developers/Dani/Collections/' took 0.00s
[2020.01.26-13.40.25:642][  0]LogFileCache: Scanning file cache for directory 'D:/D.Escritorio/Github/Practica1_Motors/Practica1_Dani_Marti/Content/Collections/' took 0.00s
[2020.01.26-13.40.25:642][  0]LogContentBrowser: Native class hierarchy populated in 0.0246 seconds. Added 3017 classes and 720 folders.
[2020.01.26-13.40.25:947][  0]LogContentBrowser: Native class hierarchy updated for 'WidgetCarousel' in 0.0008 seconds. Added 0 classes and 0 folders.
[2020.01.26-13.40.27:295][  0]LogContentBrowser: Native class hierarchy updated for 'AddContentDialog' in 0.0003 seconds. Added 0 classes and 0 folders.
[2020.01.26-13.40.29:256][  0]LogSlate: Took 0.000334 seconds to synchronously load lazily loaded font '../../../Engine/Content/Slate/Fonts/Roboto-Regular.ttf' (155K)
[2020.01.26-13.40.29:403][  0]LogSlate: Took 0.000352 seconds to synchronously load lazily loaded font '../../../Engine/Content/Slate/Fonts/Roboto-Bold.ttf' (160K)
[2020.01.26-13.40.29:446][  0]LogSlate: Took 0.023811 seconds to synchronously load lazily loaded font '../../../Engine/Content/Editor/Slate/Fonts/FontAwesome.ttf' (139K)
[2020.01.26-13.40.30:052][  0]LogRenderer: Reallocating scene render targets to support 884x480 Format 10 NumSamples 1 (Frame:1).
[2020.01.26-13.40.31:494][  0]LogContentBrowser: Native class hierarchy updated for 'HierarchicalLODOutliner' in 0.0005 seconds. Added 0 classes and 0 folders.
[2020.01.26-13.40.31:494][  0]LogLoad: (Engine Initialization) Total time: 27.97 seconds
[2020.01.26-13.40.31:494][  0]LogLoad: (Engine Initialization) Total Blueprint compile time: 0.00 seconds
[2020.01.26-13.40.31:969][  0]LogContentStreaming: Texture pool size now 1000 MB
[2020.01.26-13.40.32:379][  0]LogSlate: Took 0.019617 seconds to synchronously load lazily loaded font '../../../Engine/Content/Slate/Fonts/Roboto-Light.ttf' (167K)
[2020.01.26-13.40.34:547][ 14]LogAssetRegistry: Asset discovery search completed in 25.2707 seconds
[2020.01.26-13.40.34:996][ 14]LogCollectionManager: Fixed up redirectors for 0 collections in 0.000012 seconds (updated 0 objects)
[2020.01.26-13.44.34:703][265]LogSlate: Took 0.000248 seconds to synchronously load lazily loaded font '../../../Engine/Content/Slate/Fonts/Roboto-Light.ttf' (167K)
[2020.01.26-13.44.36:037][265]LogAIModule: Creating AISystem for world ThirdPersonExampleMapTests
[2020.01.26-13.44.36:087][265]LogAssetEditorSubsystem: Opening Asset editor for World /Game/ThirdPersonBP/Maps/ThirdPersonExampleMapTests.ThirdPersonExampleMapTests
[2020.01.26-13.44.36:208][265]LogUObjectHash: Compacting FUObjectHashTables data took   2.32ms
[2020.01.26-13.44.36:369][265]Cmd: MAP LOAD FILE="../../../../../D.Escritorio/Github/Practica1_Motors/Practica1_Dani_Marti/Content/ThirdPersonBP/Maps/ThirdPersonExampleMapTests.umap" TEMPLATE=0 SHOWPROGRESS=1 FEATURELEVEL=3
[2020.01.26-13.44.36:371][265]LightingResults: New page: Lighting Build
[2020.01.26-13.44.36:372][265]LoadErrors: New page: Loading map: ThirdPersonExampleMapTests.umap
[2020.01.26-13.44.36:614][265]LogWorld: UWorld::CleanupWorld for ThirdPersonExampleMap, bSessionEnded=true, bCleanupResources=true
[2020.01.26-13.44.36:633][265]LogSlate: InvalidateAllWidgets triggered.  All widgets were invalidated
[2020.01.26-13.44.36:642][265]MapCheck: New page: Map Check
[2020.01.26-13.44.36:642][265]LightingResults: New page: Lighting Build
[2020.01.26-13.44.36:908][265]LogUObjectHash: Compacting FUObjectHashTables data took   2.15ms
[2020.01.26-13.44.37:426][265]LogEditorServer: Finished looking for orphan Actors (0.000 secs)
[2020.01.26-13.44.37:465][265]LogUObjectHash: Compacting FUObjectHashTables data took   3.12ms
[2020.01.26-13.44.37:547][265]Cmd: MAP CHECKDEP NOCLEARLOG
[2020.01.26-13.44.37:547][265]MapCheck: Map check complete: 0 Error(s), 0 Warning(s), took 0.09ms to complete.
[2020.01.26-13.44.37:547][265]LogFileHelpers: Loading map 'ThirdPersonExampleMapTests' took 1.339
[2020.01.26-13.44.41:798][651]LogTemp: Repeating last play command: Selected Viewport
[2020.01.26-13.44.41:893][651]LogBlueprintUserMessages: Early PlayInEditor Detection: Level '/Game/ThirdPersonBP/Maps/ThirdPersonExampleMapTests.ThirdPersonExampleMapTests:PersistentLevel' has LevelScriptBlueprint '/Game/ThirdPersonBP/Maps/ThirdPersonExampleMapTests.ThirdPersonExampleMapTests:PersistentLevel.ThirdPersonExampleMapTests' with GeneratedClass '/Game/ThirdPersonBP/Maps/ThirdPersonExampleMapTests.ThirdPersonExampleMapTests_C' with ClassGeneratedBy '/Game/ThirdPersonBP/Maps/ThirdPersonExampleMapTests.ThirdPersonExampleMapTests:PersistentLevel.ThirdPersonExampleMapTests'
[2020.01.26-13.44.42:002][651]LogPlayLevel: PlayLevel: No blueprints needed recompiling
[2020.01.26-13.44.42:014][651]PIE: New page: PIE session: ThirdPersonExampleMapTests (Jan 26, 2020, 3:44:42 PM)
[2020.01.26-13.44.42:165][651]LogOnline: OSS: Creating online subsystem instance for: NULL
[2020.01.26-13.44.42:179][651]LogOnline: OSS: TryLoadSubsystemAndSetDefault: Loaded subsystem for module [NULL]
[2020.01.26-13.44.42:225][651]LogPlayLevel: Creating play world package: /Game/ThirdPersonBP/Maps/UEDPIE_0_ThirdPersonExampleMapTests
[2020.01.26-13.44.42:320][651]LogPlayLevel: PIE: StaticDuplicateObject took: (0.094012s)
[2020.01.26-13.44.42:351][651]LogAIModule: Creating AISystem for world ThirdPersonExampleMapTests
[2020.01.26-13.44.42:414][651]LogPlayLevel: PIE: World Init took: (0.094015s)
[2020.01.26-13.44.42:430][651]LogPlayLevel: PIE: Created PIE world by copying editor world from /Game/ThirdPersonBP/Maps/ThirdPersonExampleMapTests.ThirdPersonExampleMapTests to /Game/ThirdPersonBP/Maps/UEDPIE_0_ThirdPersonExampleMapTests.ThirdPersonExampleMapTests (0.204409s)
[2020.01.26-13.44.42:456][651]LogUObjectHash: Compacting FUObjectHashTables data took   1.49ms
[2020.01.26-13.44.42:489][651]LogAudioMixer: Display: Audio Mixer Platform Settings:
[2020.01.26-13.44.42:490][651]LogAudioMixer: Display: 	Sample Rate:						  48000
[2020.01.26-13.44.42:490][651]LogAudioMixer: Display: 	Callback Buffer Frame Size Requested: 1024
[2020.01.26-13.44.42:490][651]LogAudioMixer: Display: 	Callback Buffer Frame Size To Use:	  1024
[2020.01.26-13.44.42:490][651]LogAudioMixer: Display: 	Number of buffers to queue:			  2
[2020.01.26-13.44.42:490][651]LogAudioMixer: Display: 	Max Channels (voices):				  32
[2020.01.26-13.44.42:490][651]LogAudioMixer: Display: 	Number of Async Source Workers:		  0
[2020.01.26-13.44.42:490][651]LogAudio: Display: AudioDevice MaxSources: 32
[2020.01.26-13.44.42:490][651]LogAudio: Display: Using built-in audio occlusion.
[2020.01.26-13.44.42:490][651]LogAudioMixer: Display: Initializing audio mixer.
[2020.01.26-13.44.42:503][651]LogAudioMixer: Display: Audio Device Output Speaker Info:
[2020.01.26-13.44.42:504][651]LogAudioMixer: Display: Name: Auriculares (TAOTRONICS SoundSurge 60 Stereo)
[2020.01.26-13.44.42:504][651]LogAudioMixer: Display: Is Default: Yes
[2020.01.26-13.44.42:504][651]LogAudioMixer: Display: Sample Rate: 44100
[2020.01.26-13.44.42:504][651]LogAudioMixer: Display: Channel Count Used: 2
[2020.01.26-13.44.42:504][651]LogAudioMixer: Display: Device Channel Count: 2
[2020.01.26-13.44.42:504][651]LogAudioMixer: Display: Channel Order:
[2020.01.26-13.44.42:504][651]LogAudioMixer: Display: 0: FrontLeft
[2020.01.26-13.44.42:504][651]LogAudioMixer: Display: 1: FrontRight
[2020.01.26-13.44.42:540][651]LogAudioMixer: Display: Using Audio Device Auriculares (TAOTRONICS SoundSurge 60 Stereo)
[2020.01.26-13.44.42:561][651]LogInit: FAudioDevice initialized.
[2020.01.26-13.44.42:735][651]LogLoad: Game class is 'ThirdPersonGameMode_C'
[2020.01.26-13.44.43:014][651]LogWorld: Bringing World /Game/ThirdPersonBP/Maps/UEDPIE_0_ThirdPersonExampleMapTests.ThirdPersonExampleMapTests up for play (max tick rate 0) at 2020.01.26-14.44.43
[2020.01.26-13.44.43:066][651]LogWorld: Bringing up level for play took: 0.086237
[2020.01.26-13.44.43:108][651]LogOnline: OSS: Creating online subsystem instance for: :Context_3
[2020.01.26-13.44.43:716][651]LogContentBrowser: Native class hierarchy updated for 'MovieSceneCapture' in 0.0008 seconds. Added 20 classes and 0 folders.
[2020.01.26-13.44.43:947][651]PIE: Play in editor start time for /Game/ThirdPersonBP/Maps/UEDPIE_0_ThirdPersonExampleMapTests 2.288
[2020.01.26-13.44.43:947][651]LogBlueprintUserMessages: Late PlayInEditor Detection: Level '/Game/ThirdPersonBP/Maps/ThirdPersonExampleMapTests.ThirdPersonExampleMapTests:PersistentLevel' has LevelScriptBlueprint '/Game/ThirdPersonBP/Maps/ThirdPersonExampleMapTests.ThirdPersonExampleMapTests:PersistentLevel.ThirdPersonExampleMapTests' with GeneratedClass '/Game/ThirdPersonBP/Maps/ThirdPersonExampleMapTests.ThirdPersonExampleMapTests_C' with ClassGeneratedBy '/Game/ThirdPersonBP/Maps/ThirdPersonExampleMapTests.ThirdPersonExampleMapTests:PersistentLevel.ThirdPersonExampleMapTests'
[2020.01.26-13.45.21:910][390]LogBlueprintUserMessages: [Coins_BP2] 1
[2020.01.26-13.45.22:670][445]LogBlueprintUserMessages: [Coins_BP_2] 2
[2020.01.26-13.45.22:847][462]LogBlueprintUserMessages: [Coins_BP3] 3
[2020.01.26-13.45.27:429][928]LogBlueprintUserMessages: [Keys_BP_2] 1
[2020.01.26-13.45.42:168][445]LogAudioMixer: Display: No commands were queued while flushing the source manager.
[2020.01.26-13.45.42:184][445]LogAudioMixer: Display: Flush succeeded in the source manager command queue (1).
[2020.01.26-13.45.42:204][445]LogAudioMixer: Display: Flush succeeded the source manager command queue (2).
[2020.01.26-13.45.42:256][445]LogBlueprintUserMessages: Early EndPlayMap Detection: Level '/Game/ThirdPersonBP/Maps/ThirdPersonExampleMapTests.ThirdPersonExampleMapTests:PersistentLevel' has LevelScriptBlueprint '/Game/ThirdPersonBP/Maps/ThirdPersonExampleMapTests.ThirdPersonExampleMapTests:PersistentLevel.ThirdPersonExampleMapTests' with GeneratedClass '/Game/ThirdPersonBP/Maps/ThirdPersonExampleMapTests.ThirdPersonExampleMapTests_C' with ClassGeneratedBy '/Game/ThirdPersonBP/Maps/ThirdPersonExampleMapTests.ThirdPersonExampleMapTests:PersistentLevel.ThirdPersonExampleMapTests'
[2020.01.26-13.45.42:299][445]LogSlate: Updating window title bar state: overlay mode, drag disabled, window buttons hidden, title bar hidden
[2020.01.26-13.45.42:311][445]LogWorld: BeginTearingDown for /Game/ThirdPersonBP/Maps/UEDPIE_0_ThirdPersonExampleMapTests
[2020.01.26-13.45.42:311][445]LogAudioMixer: Display: No commands were queued while flushing the source manager.
[2020.01.26-13.45.42:334][445]LogWorld: UWorld::CleanupWorld for ThirdPersonExampleMapTests, bSessionEnded=true, bCleanupResources=true
[2020.01.26-13.45.42:335][445]LogSlate: InvalidateAllWidgets triggered.  All widgets were invalidated
[2020.01.26-13.45.42:457][445]LogPlayLevel: Display: Shutting down PIE online subsystems
[2020.01.26-13.45.42:458][445]LogBlueprintUserMessages: Late EndPlayMap Detection: Level '/Game/ThirdPersonBP/Maps/ThirdPersonExampleMapTests.ThirdPersonExampleMapTests:PersistentLevel' has LevelScriptBlueprint '/Game/ThirdPersonBP/Maps/ThirdPersonExampleMapTests.ThirdPersonExampleMapTests:PersistentLevel.ThirdPersonExampleMapTests' with GeneratedClass '/Game/ThirdPersonBP/Maps/ThirdPersonExampleMapTests.ThirdPersonExampleMapTests_C' with ClassGeneratedBy '/Game/ThirdPersonBP/Maps/ThirdPersonExampleMapTests.ThirdPersonExampleMapTests:PersistentLevel.ThirdPersonExampleMapTests'
[2020.01.26-13.45.42:471][445]LogSlate: InvalidateAllWidgets triggered.  All widgets were invalidated
[2020.01.26-13.45.42:553][445]LogAudioMixer: Display: No commands were queued while flushing the source manager.
[2020.01.26-13.45.42:606][445]LogSlate: Updating window title bar state: overlay mode, drag disabled, window buttons hidden, title bar hidden
[2020.01.26-13.45.42:721][445]LogUObjectHash: Compacting FUObjectHashTables data took   1.93ms
[2020.01.26-13.45.42:781][446]LogPlayLevel: Display: Destroying online subsystem :Context_3
[2020.01.26-13.45.46:457][709]LogEditorViewport: Clicking on Actor (LMB): OpenableDoorWithKey_BP_C (OpenableDoorWithKey_BP)
[2020.01.26-13.45.48:099][713]LogEditorViewport: Clicking on Actor (LMB): OpenableDoorWithKey_BP_C (OpenableDoorWithKey_BP)
[2020.01.26-13.47.04:237][947]LogUObjectHash: Compacting FUObjectHashTables data took   3.68ms
[2020.01.26-13.47.05:853][994]LogAssetEditorSubsystem: Opening Asset editor for Blueprint /Game/Blueprints/OpenableDoorWithLights_BP.OpenableDoorWithLights_BP
[2020.01.26-13.47.07:003][994]LogContentBrowser: Native class hierarchy updated for 'BlueprintGraph' in 0.0016 seconds. Added 121 classes and 0 folders.
[2020.01.26-13.47.12:118][994]LogSlate: Took 0.000429 seconds to synchronously load lazily loaded font '../../../Engine/Content/Slate/Fonts/Roboto-BoldCondensed.ttf' (158K)
[2020.01.26-13.47.13:500][996]LogSlate: Took 0.021804 seconds to synchronously load lazily loaded font '../../../Engine/Content/Slate/Fonts/Roboto-Italic.ttf' (157K)
[2020.01.26-13.47.18:912][208]LogRenderer: Reallocating scene render targets to support 912x536 Format 10 NumSamples 1 (Frame:1).
[2020.01.26-13.50.24:906][162]LogSlate: Took 0.021177 seconds to synchronously load lazily loaded font '../../../Engine/Content/Slate/Fonts/Roboto-BoldCondensedItalic.ttf' (160K)
[2020.01.26-13.51.45:753][675]LogSlate: Window 'OpenableDoorWithLights_BP' being destroyed
[2020.01.26-13.51.49:720][875]LogAssetEditorSubsystem: Opening Asset editor for Blueprint /Game/Blueprints/PuzzleLight_BP.PuzzleLight_BP
[2020.01.26-13.53.06:692][ 51]BlueprintLog: New page: Compile PuzzleLight_BP
[2020.01.26-13.53.07:775][ 51]LogUObjectHash: Compacting FUObjectHashTables data took   4.49ms
[2020.01.26-13.53.08:728][107]Cmd: OBJ SAVEPACKAGE PACKAGE="/Game/Blueprints/PuzzleLight_BP" FILE="../../../../../D.Escritorio/Github/Practica1_Motors/Practica1_Dani_Marti/Content/Blueprints/PuzzleLight_BP.uasset" SILENT=true
[2020.01.26-13.53.09:178][107]LogSavePackage: Moving '../../../../../D.Escritorio/Github/Practica1_Motors/Practica1_Dani_Marti/Saved/PuzzleLight_BP01F55D2A491604AE3E147D973FA10636.tmp' to '../../../../../D.Escritorio/Github/Practica1_Motors/Practica1_Dani_Marti/Content/Blueprints/PuzzleLight_BP.uasset'
[2020.01.26-13.53.09:356][107]AssetCheck: New page: Asset Save: PuzzleLight_BP
[2020.01.26-13.53.09:357][107]LogContentValidation: Display: Validating Blueprint /Game/Blueprints/PuzzleLight_BP.PuzzleLight_BP
[2020.01.26-13.59.31:122][371]LogUObjectHash: Compacting FUObjectHashTables data took   4.06ms
[2020.01.26-13.59.31:461][371]LogSavePackage: Moving '../../../../../D.Escritorio/Github/Practica1_Motors/Practica1_Dani_Marti/Saved/ThirdPersonExampleMapTests_Auto1E4F70B9A442F17A5A7ECFBA3A1A55543.tmp' to '../../../../../D.Escritorio/Github/Practica1_Motors/Practica1_Dani_Marti/Saved/Autosaves/Game/ThirdPersonBP/Maps/ThirdPersonExampleMapTests_Auto1.umap'
[2020.01.26-13.59.31:464][371]LogFileHelpers: Editor autosave (incl. sublevels) for '/Game/ThirdPersonBP/Maps/ThirdPersonExampleMapTests' took 0.444
[2020.01.26-13.59.31:464][371]LogFileHelpers: Editor autosave (incl. sublevels) for all levels took 0.444
[2020.01.26-13.59.31:465][371]OBJ SavePackage: Generating thumbnails for [1] asset(s) in package [/Game/Blueprints/OpenableDoorWithLights_BP] ([1] browsable assets)...
[2020.01.26-13.59.31:495][371]OBJ SavePackage:     Rendered thumbnail for [Blueprint /Game/Blueprints/OpenableDoorWithLights_BP.OpenableDoorWithLights_BP]
[2020.01.26-13.59.31:495][371]OBJ SavePackage: Finished generating thumbnails for package [/Game/Blueprints/OpenableDoorWithLights_BP]
[2020.01.26-13.59.31:539][371]LogSavePackage: Moving '../../../../../D.Escritorio/Github/Practica1_Motors/Practica1_Dani_Marti/Saved/OpenableDoorWithLights_BP_Auto13F1AFA984216FBA713856795BE2D5647.tmp' to '../../../../../D.Escritorio/Github/Practica1_Motors/Practica1_Dani_Marti/Saved/Autosaves/Game/Blueprints/OpenableDoorWithLights_BP_Auto1.uasset'
[2020.01.26-13.59.31:540][371]LogFileHelpers: Auto-saving content packages took 0.076
[2020.01.26-14.01.23:283][980]LogSavePackage: Moving '../../../../../D.Escritorio/Github/Practica1_Motors/Practica1_Dani_Marti/Saved/OpenableDoorWithLights_BPA866B606465E96C6B3AC72B138BC8FAA.tmp' to '../../../../../D.Escritorio/Github/Practica1_Motors/Practica1_Dani_Marti/Content/Blueprints/OpenableDoorWithLights_BP.uasset'
[2020.01.26-14.01.23:310][980]AssetCheck: New page: Asset Save: OpenableDoorWithLights_BP
[2020.01.26-14.01.23:311][980]LogContentValidation: Display: Validating Blueprint /Game/Blueprints/OpenableDoorWithLights_BP.OpenableDoorWithLights_BP
[2020.01.26-14.01.23:976][ 37]BlueprintLog: New page: Compile OpenableDoorWithLights_BP
[2020.01.26-14.01.24:228][ 37]LogUObjectHash: Compacting FUObjectHashTables data took   3.83ms
[2020.01.26-14.01.51:927][ 75]LogUObjectHash: Compacting FUObjectHashTables data took   3.69ms
[2020.01.26-14.01.52:213][ 75]LogSavePackage: Moving '../../../../../D.Escritorio/Github/Practica1_Motors/Practica1_Dani_Marti/Saved/ThirdPersonExampleMapTestsF0C5E0FF49F4252FFE6E91B64A4D8774.tmp' to '../../../../../D.Escritorio/Github/Practica1_Motors/Practica1_Dani_Marti/Content/ThirdPersonBP/Maps/ThirdPersonExampleMapTests.umap'
[2020.01.26-14.01.52:265][ 75]AssetCheck: New page: Asset Save: ThirdPersonExampleMapTests
[2020.01.26-14.01.52:265][ 75]LogContentValidation: Display: Validating World /Game/ThirdPersonBP/Maps/ThirdPersonExampleMapTests.ThirdPersonExampleMapTests
[2020.01.26-14.01.52:797][107]LogTemp: Repeating last play command: Selected Viewport
[2020.01.26-14.01.52:832][107]LogBlueprintUserMessages: Early PlayInEditor Detection: Level '/Game/ThirdPersonBP/Maps/ThirdPersonExampleMapTests.ThirdPersonExampleMapTests:PersistentLevel' has LevelScriptBlueprint '/Game/ThirdPersonBP/Maps/ThirdPersonExampleMapTests.ThirdPersonExampleMapTests:PersistentLevel.ThirdPersonExampleMapTests' with GeneratedClass '/Game/ThirdPersonBP/Maps/ThirdPersonExampleMapTests.ThirdPersonExampleMapTests_C' with ClassGeneratedBy '/Game/ThirdPersonBP/Maps/ThirdPersonExampleMapTests.ThirdPersonExampleMapTests:PersistentLevel.ThirdPersonExampleMapTests'
[2020.01.26-14.01.52:832][107]LogPlayLevel: PlayLevel: No blueprints needed recompiling
[2020.01.26-14.01.52:832][107]PIE: New page: PIE session: ThirdPersonExampleMapTests (Jan 26, 2020, 4:01:52 PM)
[2020.01.26-14.01.52:832][107]LogPlayLevel: Creating play world package: /Game/ThirdPersonBP/Maps/UEDPIE_0_ThirdPersonExampleMapTests
[2020.01.26-14.01.52:854][107]LogPlayLevel: PIE: StaticDuplicateObject took: (0.021776s)
[2020.01.26-14.01.52:856][107]LogAIModule: Creating AISystem for world ThirdPersonExampleMapTests
[2020.01.26-14.01.52:856][107]LogPlayLevel: PIE: World Init took: (0.001875s)
[2020.01.26-14.01.52:856][107]LogPlayLevel: PIE: Created PIE world by copying editor world from /Game/ThirdPersonBP/Maps/ThirdPersonExampleMapTests.ThirdPersonExampleMapTests to /Game/ThirdPersonBP/Maps/UEDPIE_0_ThirdPersonExampleMapTests.ThirdPersonExampleMapTests (0.023839s)
[2020.01.26-14.01.52:939][107]LogUObjectHash: Compacting FUObjectHashTables data took   3.40ms
[2020.01.26-14.01.52:941][107]LogAudioMixer: Display: Audio Mixer Platform Settings:
[2020.01.26-14.01.52:941][107]LogAudioMixer: Display: 	Sample Rate:						  48000
[2020.01.26-14.01.52:941][107]LogAudioMixer: Display: 	Callback Buffer Frame Size Requested: 1024
[2020.01.26-14.01.52:941][107]LogAudioMixer: Display: 	Callback Buffer Frame Size To Use:	  1024
[2020.01.26-14.01.52:941][107]LogAudioMixer: Display: 	Number of buffers to queue:			  2
[2020.01.26-14.01.52:941][107]LogAudioMixer: Display: 	Max Channels (voices):				  32
[2020.01.26-14.01.52:941][107]LogAudioMixer: Display: 	Number of Async Source Workers:		  0
[2020.01.26-14.01.52:941][107]LogAudio: Display: AudioDevice MaxSources: 32
[2020.01.26-14.01.52:941][107]LogAudio: Display: Using built-in audio occlusion.
[2020.01.26-14.01.52:942][107]LogAudioMixer: Display: Initializing audio mixer.
[2020.01.26-14.01.52:954][107]LogAudioMixer: Display: Audio Device Output Speaker Info:
[2020.01.26-14.01.52:954][107]LogAudioMixer: Display: Name: Auriculares (TAOTRONICS SoundSurge 60 Stereo)
[2020.01.26-14.01.52:954][107]LogAudioMixer: Display: Is Default: Yes
[2020.01.26-14.01.52:954][107]LogAudioMixer: Display: Sample Rate: 44100
[2020.01.26-14.01.52:954][107]LogAudioMixer: Display: Channel Count Used: 2
[2020.01.26-14.01.52:954][107]LogAudioMixer: Display: Device Channel Count: 2
[2020.01.26-14.01.52:954][107]LogAudioMixer: Display: Channel Order:
[2020.01.26-14.01.52:954][107]LogAudioMixer: Display: 0: FrontLeft
[2020.01.26-14.01.52:954][107]LogAudioMixer: Display: 1: FrontRight
[2020.01.26-14.01.53:023][107]LogAudioMixer: Display: Using Audio Device Auriculares (TAOTRONICS SoundSurge 60 Stereo)
[2020.01.26-14.01.53:026][107]LogInit: FAudioDevice initialized.
[2020.01.26-14.01.53:035][107]LogLoad: Game class is 'ThirdPersonGameMode_C'
[2020.01.26-14.01.53:040][107]LogWorld: Bringing World /Game/ThirdPersonBP/Maps/UEDPIE_0_ThirdPersonExampleMapTests.ThirdPersonExampleMapTests up for play (max tick rate 0) at 2020.01.26-15.01.53
[2020.01.26-14.01.53:041][107]LogWorld: Bringing up level for play took: 0.004610
[2020.01.26-14.01.53:041][107]LogOnline: OSS: Creating online subsystem instance for: :Context_12
[2020.01.26-14.01.53:093][107]PIE: Play in editor start time for /Game/ThirdPersonBP/Maps/UEDPIE_0_ThirdPersonExampleMapTests -0.567
[2020.01.26-14.01.53:093][107]LogBlueprintUserMessages: Late PlayInEditor Detection: Level '/Game/ThirdPersonBP/Maps/ThirdPersonExampleMapTests.ThirdPersonExampleMapTests:PersistentLevel' has LevelScriptBlueprint '/Game/ThirdPersonBP/Maps/ThirdPersonExampleMapTests.ThirdPersonExampleMapTests:PersistentLevel.ThirdPersonExampleMapTests' with GeneratedClass '/Game/ThirdPersonBP/Maps/ThirdPersonExampleMapTests.ThirdPersonExampleMapTests_C' with ClassGeneratedBy '/Game/ThirdPersonBP/Maps/ThirdPersonExampleMapTests.ThirdPersonExampleMapTests:PersistentLevel.ThirdPersonExampleMapTests'
[2020.01.26-14.02.04:773][146]LogAudioMixer: Display: No commands were queued while flushing the source manager.
[2020.01.26-14.02.04:773][146]LogAudioMixer: Display: No commands were queued while flushing the source manager.
[2020.01.26-14.02.04:773][146]LogBlueprintUserMessages: Early EndPlayMap Detection: Level '/Game/ThirdPersonBP/Maps/ThirdPersonExampleMapTests.ThirdPersonExampleMapTests:PersistentLevel' has LevelScriptBlueprint '/Game/ThirdPersonBP/Maps/ThirdPersonExampleMapTests.ThirdPersonExampleMapTests:PersistentLevel.ThirdPersonExampleMapTests' with GeneratedClass '/Game/ThirdPersonBP/Maps/ThirdPersonExampleMapTests.ThirdPersonExampleMapTests_C' with ClassGeneratedBy '/Game/ThirdPersonBP/Maps/ThirdPersonExampleMapTests.ThirdPersonExampleMapTests:PersistentLevel.ThirdPersonExampleMapTests'
[2020.01.26-14.02.04:773][146]LogSlate: Updating window title bar state: overlay mode, drag disabled, window buttons hidden, title bar hidden
[2020.01.26-14.02.04:773][146]LogWorld: BeginTearingDown for /Game/ThirdPersonBP/Maps/UEDPIE_0_ThirdPersonExampleMapTests
[2020.01.26-14.02.04:774][146]LogAudioMixer: Display: No commands were queued while flushing the source manager.
[2020.01.26-14.02.04:774][146]LogWorld: UWorld::CleanupWorld for ThirdPersonExampleMapTests, bSessionEnded=true, bCleanupResources=true
[2020.01.26-14.02.04:774][146]LogSlate: InvalidateAllWidgets triggered.  All widgets were invalidated
[2020.01.26-14.02.04:788][146]LogPlayLevel: Display: Shutting down PIE online subsystems
[2020.01.26-14.02.04:788][146]LogBlueprintUserMessages: Late EndPlayMap Detection: Level '/Game/ThirdPersonBP/Maps/ThirdPersonExampleMapTests.ThirdPersonExampleMapTests:PersistentLevel' has LevelScriptBlueprint '/Game/ThirdPersonBP/Maps/ThirdPersonExampleMapTests.ThirdPersonExampleMapTests:PersistentLevel.ThirdPersonExampleMapTests' with GeneratedClass '/Game/ThirdPersonBP/Maps/ThirdPersonExampleMapTests.ThirdPersonExampleMapTests_C' with ClassGeneratedBy '/Game/ThirdPersonBP/Maps/ThirdPersonExampleMapTests.ThirdPersonExampleMapTests:PersistentLevel.ThirdPersonExampleMapTests'
[2020.01.26-14.02.04:792][146]LogSlate: InvalidateAllWidgets triggered.  All widgets were invalidated
[2020.01.26-14.02.04:826][146]LogAudioMixer: Display: No commands were queued while flushing the source manager.
[2020.01.26-14.02.04:829][146]LogSlate: Updating window title bar state: overlay mode, drag disabled, window buttons hidden, title bar hidden
[2020.01.26-14.02.04:833][146]LogUObjectHash: Compacting FUObjectHashTables data took   2.69ms
[2020.01.26-14.02.04:887][149]LogPlayLevel: Display: Destroying online subsystem :Context_12
[2020.01.26-14.02.40:542][598]BlueprintLog: New page: Compile OpenableDoorWithLights_BP
[2020.01.26-14.02.40:807][598]LogUObjectHash: Compacting FUObjectHashTables data took   4.18ms
[2020.01.26-14.02.41:639][687]BlueprintLog: New page: Compile OpenableDoorWithLights_BP
[2020.01.26-14.02.41:892][687]LogUObjectHash: Compacting FUObjectHashTables data took   4.44ms
[2020.01.26-14.02.42:652][749]LogSavePackage: Moving '../../../../../D.Escritorio/Github/Practica1_Motors/Practica1_Dani_Marti/Saved/OpenableDoorWithLights_BP1D866A534F1C1BCA04E6EA9F5CD43C02.tmp' to '../../../../../D.Escritorio/Github/Practica1_Motors/Practica1_Dani_Marti/Content/Blueprints/OpenableDoorWithLights_BP.uasset'
[2020.01.26-14.02.42:675][749]AssetCheck: New page: Asset Save: OpenableDoorWithLights_BP
[2020.01.26-14.02.42:675][749]LogContentValidation: Display: Validating Blueprint /Game/Blueprints/OpenableDoorWithLights_BP.OpenableDoorWithLights_BP
[2020.01.26-14.02.44:452][909]LogTemp: Repeating last play command: Selected Viewport
[2020.01.26-14.02.44:472][909]LogBlueprintUserMessages: Early PlayInEditor Detection: Level '/Game/ThirdPersonBP/Maps/ThirdPersonExampleMapTests.ThirdPersonExampleMapTests:PersistentLevel' has LevelScriptBlueprint '/Game/ThirdPersonBP/Maps/ThirdPersonExampleMapTests.ThirdPersonExampleMapTests:PersistentLevel.ThirdPersonExampleMapTests' with GeneratedClass '/Game/ThirdPersonBP/Maps/ThirdPersonExampleMapTests.ThirdPersonExampleMapTests_C' with ClassGeneratedBy '/Game/ThirdPersonBP/Maps/ThirdPersonExampleMapTests.ThirdPersonExampleMapTests:PersistentLevel.ThirdPersonExampleMapTests'
[2020.01.26-14.02.44:472][909]LogPlayLevel: PlayLevel: No blueprints needed recompiling
[2020.01.26-14.02.44:472][909]PIE: New page: PIE session: ThirdPersonExampleMapTests (Jan 26, 2020, 4:02:44 PM)
[2020.01.26-14.02.44:472][909]LogPlayLevel: Creating play world package: /Game/ThirdPersonBP/Maps/UEDPIE_0_ThirdPersonExampleMapTests
[2020.01.26-14.02.44:489][909]LogPlayLevel: PIE: StaticDuplicateObject took: (0.017106s)
[2020.01.26-14.02.44:490][909]LogAIModule: Creating AISystem for world ThirdPersonExampleMapTests
[2020.01.26-14.02.44:491][909]LogPlayLevel: PIE: World Init took: (0.001345s)
[2020.01.26-14.02.44:491][909]LogPlayLevel: PIE: Created PIE world by copying editor world from /Game/ThirdPersonBP/Maps/ThirdPersonExampleMapTests.ThirdPersonExampleMapTests to /Game/ThirdPersonBP/Maps/UEDPIE_0_ThirdPersonExampleMapTests.ThirdPersonExampleMapTests (0.018642s)
[2020.01.26-14.02.44:549][909]LogUObjectHash: Compacting FUObjectHashTables data took   3.44ms
[2020.01.26-14.02.44:550][909]LogAudioMixer: Display: Audio Mixer Platform Settings:
[2020.01.26-14.02.44:550][909]LogAudioMixer: Display: 	Sample Rate:						  48000
[2020.01.26-14.02.44:550][909]LogAudioMixer: Display: 	Callback Buffer Frame Size Requested: 1024
[2020.01.26-14.02.44:550][909]LogAudioMixer: Display: 	Callback Buffer Frame Size To Use:	  1024
[2020.01.26-14.02.44:550][909]LogAudioMixer: Display: 	Number of buffers to queue:			  2
[2020.01.26-14.02.44:551][909]LogAudioMixer: Display: 	Max Channels (voices):				  32
[2020.01.26-14.02.44:551][909]LogAudioMixer: Display: 	Number of Async Source Workers:		  0
[2020.01.26-14.02.44:551][909]LogAudio: Display: AudioDevice MaxSources: 32
[2020.01.26-14.02.44:551][909]LogAudio: Display: Using built-in audio occlusion.
[2020.01.26-14.02.44:551][909]LogAudioMixer: Display: Initializing audio mixer.
[2020.01.26-14.02.44:563][909]LogAudioMixer: Display: Audio Device Output Speaker Info:
[2020.01.26-14.02.44:563][909]LogAudioMixer: Display: Name: Auriculares (TAOTRONICS SoundSurge 60 Stereo)
[2020.01.26-14.02.44:563][909]LogAudioMixer: Display: Is Default: Yes
[2020.01.26-14.02.44:563][909]LogAudioMixer: Display: Sample Rate: 44100
[2020.01.26-14.02.44:563][909]LogAudioMixer: Display: Channel Count Used: 2
[2020.01.26-14.02.44:563][909]LogAudioMixer: Display: Device Channel Count: 2
[2020.01.26-14.02.44:563][909]LogAudioMixer: Display: Channel Order:
[2020.01.26-14.02.44:563][909]LogAudioMixer: Display: 0: FrontLeft
[2020.01.26-14.02.44:563][909]LogAudioMixer: Display: 1: FrontRight
[2020.01.26-14.02.44:603][909]LogAudioMixer: Display: Using Audio Device Auriculares (TAOTRONICS SoundSurge 60 Stereo)
[2020.01.26-14.02.44:605][909]LogInit: FAudioDevice initialized.
[2020.01.26-14.02.44:614][909]LogLoad: Game class is 'ThirdPersonGameMode_C'
[2020.01.26-14.02.44:618][909]LogWorld: Bringing World /Game/ThirdPersonBP/Maps/UEDPIE_0_ThirdPersonExampleMapTests.ThirdPersonExampleMapTests up for play (max tick rate 0) at 2020.01.26-15.02.44
[2020.01.26-14.02.44:618][909]LogWorld: Bringing up level for play took: 0.002825
[2020.01.26-14.02.44:618][909]LogOnline: OSS: Creating online subsystem instance for: :Context_13
[2020.01.26-14.02.44:621][909]PIE: Play in editor start time for /Game/ThirdPersonBP/Maps/UEDPIE_0_ThirdPersonExampleMapTests 0.961
[2020.01.26-14.02.44:621][909]LogBlueprintUserMessages: Late PlayInEditor Detection: Level '/Game/ThirdPersonBP/Maps/ThirdPersonExampleMapTests.ThirdPersonExampleMapTests:PersistentLevel' has LevelScriptBlueprint '/Game/ThirdPersonBP/Maps/ThirdPersonExampleMapTests.ThirdPersonExampleMapTests:PersistentLevel.ThirdPersonExampleMapTests' with GeneratedClass '/Game/ThirdPersonBP/Maps/ThirdPersonExampleMapTests.ThirdPersonExampleMapTests_C' with ClassGeneratedBy '/Game/ThirdPersonBP/Maps/ThirdPersonExampleMapTests.ThirdPersonExampleMapTests:PersistentLevel.ThirdPersonExampleMapTests'
[2020.01.26-14.03.33:739][315]LogAudioMixer: Display: No commands were queued while flushing the source manager.
[2020.01.26-14.03.33:744][315]LogAudioMixer: Display: Flush succeeded in the source manager command queue (1).
[2020.01.26-14.03.33:764][315]LogAudioMixer: Display: Flush succeeded the source manager command queue (2).
[2020.01.26-14.03.33:764][315]LogBlueprintUserMessages: Early EndPlayMap Detection: Level '/Game/ThirdPersonBP/Maps/ThirdPersonExampleMapTests.ThirdPersonExampleMapTests:PersistentLevel' has LevelScriptBlueprint '/Game/ThirdPersonBP/Maps/ThirdPersonExampleMapTests.ThirdPersonExampleMapTests:PersistentLevel.ThirdPersonExampleMapTests' with GeneratedClass '/Game/ThirdPersonBP/Maps/ThirdPersonExampleMapTests.ThirdPersonExampleMapTests_C' with ClassGeneratedBy '/Game/ThirdPersonBP/Maps/ThirdPersonExampleMapTests.ThirdPersonExampleMapTests:PersistentLevel.ThirdPersonExampleMapTests'
[2020.01.26-14.03.33:764][315]LogSlate: Updating window title bar state: overlay mode, drag disabled, window buttons hidden, title bar hidden
[2020.01.26-14.03.33:764][315]LogWorld: BeginTearingDown for /Game/ThirdPersonBP/Maps/UEDPIE_0_ThirdPersonExampleMapTests
[2020.01.26-14.03.33:764][315]LogAudioMixer: Display: No commands were queued while flushing the source manager.
[2020.01.26-14.03.33:764][315]LogWorld: UWorld::CleanupWorld for ThirdPersonExampleMapTests, bSessionEnded=true, bCleanupResources=true
[2020.01.26-14.03.33:765][315]LogSlate: InvalidateAllWidgets triggered.  All widgets were invalidated
[2020.01.26-14.03.33:784][315]LogPlayLevel: Display: Shutting down PIE online subsystems
[2020.01.26-14.03.33:785][315]LogBlueprintUserMessages: Late EndPlayMap Detection: Level '/Game/ThirdPersonBP/Maps/ThirdPersonExampleMapTests.ThirdPersonExampleMapTests:PersistentLevel' has LevelScriptBlueprint '/Game/ThirdPersonBP/Maps/ThirdPersonExampleMapTests.ThirdPersonExampleMapTests:PersistentLevel.ThirdPersonExampleMapTests' with GeneratedClass '/Game/ThirdPersonBP/Maps/ThirdPersonExampleMapTests.ThirdPersonExampleMapTests_C' with ClassGeneratedBy '/Game/ThirdPersonBP/Maps/ThirdPersonExampleMapTests.ThirdPersonExampleMapTests:PersistentLevel.ThirdPersonExampleMapTests'
[2020.01.26-14.03.33:790][315]LogSlate: InvalidateAllWidgets triggered.  All widgets were invalidated
[2020.01.26-14.03.33:841][315]LogAudioMixer: Display: No commands were queued while flushing the source manager.
[2020.01.26-14.03.33:845][315]LogSlate: Updating window title bar state: overlay mode, drag disabled, window buttons hidden, title bar hidden
[2020.01.26-14.03.33:850][315]LogUObjectHash: Compacting FUObjectHashTables data took   3.83ms
[2020.01.26-14.03.33:881][316]LogPlayLevel: Display: Destroying online subsystem :Context_13
[2020.01.26-14.03.38:940][713]LogUObjectHash: Compacting FUObjectHashTables data took   1.33ms
[2020.01.26-14.03.39:346][713]LogSavePackage: Moving '../../../../../D.Escritorio/Github/Practica1_Motors/Practica1_Dani_Marti/Saved/ThirdPersonExampleMapTests568F3BBC4D3D5E567376E289F0EB91BD.tmp' to '../../../../../D.Escritorio/Github/Practica1_Motors/Practica1_Dani_Marti/Content/ThirdPersonBP/Maps/ThirdPersonExampleMapTests.umap'
[2020.01.26-14.03.39:425][713]AssetCheck: New page: Asset Save: ThirdPersonExampleMapTests
[2020.01.26-14.03.39:425][713]LogContentValidation: Display: Validating World /Game/ThirdPersonBP/Maps/ThirdPersonExampleMapTests.ThirdPersonExampleMapTests
[2020.01.26-14.03.50:946][603]LogUObjectHash: Compacting FUObjectHashTables data took   4.79ms
